{"/Users/pedroaugustocarvalho/Documents/PWA para cálculo e pagamento de comandas/src/App.jsx": {"path":"/Users/pedroaugustocarvalho/Documents/PWA para cálculo e pagamento de comandas/src/App.jsx","statementMap":{"0":{"start":{"line":8,"column":40},"end":{"line":8,"column":59}},"1":{"start":{"line":9,"column":32},"end":{"line":9,"column":46}},"2":{"start":{"line":10,"column":28},"end":{"line":10,"column":40}},"3":{"start":{"line":11,"column":34},"end":{"line":11,"column":46}},"4":{"start":{"line":12,"column":40},"end":{"line":12,"column":54}},"5":{"start":{"line":13,"column":32},"end":{"line":13,"column":47}},"6":{"start":{"line":14,"column":28},"end":{"line":14,"column":42}},"7":{"start":{"line":17,"column":2},"end":{"line":32,"column":9}},"8":{"start":{"line":18,"column":26},"end":{"line":29,"column":5}},"9":{"start":{"line":19,"column":6},"end":{"line":28,"column":7}},"10":{"start":{"line":20,"column":8},"end":{"line":20,"column":25}},"11":{"start":{"line":21,"column":25},"end":{"line":21,"column":56}},"12":{"start":{"line":22,"column":8},"end":{"line":22,"column":39}},"13":{"start":{"line":24,"column":8},"end":{"line":24,"column":51}},"14":{"start":{"line":25,"column":8},"end":{"line":25,"column":27}},"15":{"start":{"line":27,"column":8},"end":{"line":27,"column":26}},"16":{"start":{"line":31,"column":4},"end":{"line":31,"column":20}},"17":{"start":{"line":35,"column":2},"end":{"line":39,"column":16}},"18":{"start":{"line":36,"column":4},"end":{"line":38,"column":5}},"19":{"start":{"line":37,"column":6},"end":{"line":37,"column":28}},"20":{"start":{"line":41,"column":30},"end":{"line":53,"column":3}},"21":{"start":{"line":42,"column":4},"end":{"line":52,"column":5}},"22":{"start":{"line":43,"column":23},"end":{"line":43,"column":86}},"23":{"start":{"line":44,"column":6},"end":{"line":48,"column":7}},"24":{"start":{"line":45,"column":8},"end":{"line":45,"column":40}},"25":{"start":{"line":47,"column":8},"end":{"line":47,"column":24}},"26":{"start":{"line":51,"column":6},"end":{"line":51,"column":52}},"27":{"start":{"line":56,"column":23},"end":{"line":76,"column":3}},"28":{"start":{"line":57,"column":4},"end":{"line":75,"column":5}},"29":{"start":{"line":58,"column":6},"end":{"line":58,"column":23}},"30":{"start":{"line":59,"column":6},"end":{"line":59,"column":21}},"31":{"start":{"line":61,"column":23},"end":{"line":61,"column":68}},"32":{"start":{"line":63,"column":6},"end":{"line":66,"column":7}},"33":{"start":{"line":64,"column":8},"end":{"line":64,"column":33}},"34":{"start":{"line":65,"column":8},"end":{"line":65,"column":15}},"35":{"start":{"line":68,"column":6},"end":{"line":68,"column":35}},"36":{"start":{"line":69,"column":6},"end":{"line":69,"column":29}},"37":{"start":{"line":71,"column":6},"end":{"line":71,"column":40}},"38":{"start":{"line":72,"column":6},"end":{"line":72,"column":25}},"39":{"start":{"line":74,"column":6},"end":{"line":74,"column":24}},"40":{"start":{"line":79,"column":30},"end":{"line":91,"column":3}},"41":{"start":{"line":80,"column":26},"end":{"line":80,"column":72}},"42":{"start":{"line":80,"column":45},"end":{"line":80,"column":71}},"43":{"start":{"line":82,"column":4},"end":{"line":90,"column":5}},"44":{"start":{"line":83,"column":6},"end":{"line":87,"column":9}},"45":{"start":{"line":84,"column":8},"end":{"line":86,"column":13}},"46":{"start":{"line":89,"column":6},"end":{"line":89,"column":61}},"47":{"start":{"line":94,"column":28},"end":{"line":96,"column":3}},"48":{"start":{"line":95,"column":4},"end":{"line":95,"column":66}},"49":{"start":{"line":95,"column":40},"end":{"line":95,"column":63}},"50":{"start":{"line":99,"column":30},"end":{"line":109,"column":3}},"51":{"start":{"line":100,"column":4},"end":{"line":108,"column":5}},"52":{"start":{"line":101,"column":6},"end":{"line":101,"column":32}},"53":{"start":{"line":103,"column":6},"end":{"line":107,"column":9}},"54":{"start":{"line":104,"column":8},"end":{"line":106,"column":16}},"55":{"start":{"line":112,"column":24},"end":{"line":114,"column":3}},"56":{"start":{"line":113,"column":4},"end":{"line":113,"column":42}},"57":{"start":{"line":117,"column":23},"end":{"line":148,"column":3}},"58":{"start":{"line":118,"column":4},"end":{"line":121,"column":5}},"59":{"start":{"line":119,"column":6},"end":{"line":119,"column":45}},"60":{"start":{"line":120,"column":6},"end":{"line":120,"column":13}},"61":{"start":{"line":123,"column":4},"end":{"line":147,"column":5}},"62":{"start":{"line":124,"column":6},"end":{"line":124,"column":23}},"63":{"start":{"line":125,"column":6},"end":{"line":125,"column":21}},"64":{"start":{"line":127,"column":26},"end":{"line":130,"column":9}},"65":{"start":{"line":127,"column":48},"end":{"line":130,"column":7}},"66":{"start":{"line":132,"column":23},"end":{"line":132,"column":87}},"67":{"start":{"line":134,"column":6},"end":{"line":137,"column":7}},"68":{"start":{"line":135,"column":8},"end":{"line":135,"column":33}},"69":{"start":{"line":136,"column":8},"end":{"line":136,"column":15}},"70":{"start":{"line":139,"column":6},"end":{"line":139,"column":38}},"71":{"start":{"line":140,"column":6},"end":{"line":140,"column":22}},"72":{"start":{"line":141,"column":6},"end":{"line":141,"column":31}},"73":{"start":{"line":143,"column":6},"end":{"line":143,"column":40}},"74":{"start":{"line":144,"column":6},"end":{"line":144,"column":25}},"75":{"start":{"line":146,"column":6},"end":{"line":146,"column":24}},"76":{"start":{"line":151,"column":23},"end":{"line":155,"column":3}},"77":{"start":{"line":152,"column":4},"end":{"line":152,"column":27}},"78":{"start":{"line":154,"column":4},"end":{"line":154,"column":26}},"79":{"start":{"line":158,"column":22},"end":{"line":178,"column":3}},"80":{"start":{"line":159,"column":4},"end":{"line":177,"column":5}},"81":{"start":{"line":160,"column":6},"end":{"line":160,"column":23}},"82":{"start":{"line":161,"column":6},"end":{"line":161,"column":21}},"83":{"start":{"line":163,"column":23},"end":{"line":163,"column":78}},"84":{"start":{"line":165,"column":6},"end":{"line":168,"column":7}},"85":{"start":{"line":166,"column":8},"end":{"line":166,"column":33}},"86":{"start":{"line":167,"column":8},"end":{"line":167,"column":15}},"87":{"start":{"line":170,"column":6},"end":{"line":170,"column":38}},"88":{"start":{"line":171,"column":6},"end":{"line":171,"column":34}},"89":{"start":{"line":173,"column":6},"end":{"line":173,"column":39}},"90":{"start":{"line":174,"column":6},"end":{"line":174,"column":25}},"91":{"start":{"line":176,"column":6},"end":{"line":176,"column":24}},"92":{"start":{"line":181,"column":25},"end":{"line":202,"column":3}},"93":{"start":{"line":182,"column":4},"end":{"line":201,"column":5}},"94":{"start":{"line":183,"column":6},"end":{"line":183,"column":23}},"95":{"start":{"line":184,"column":6},"end":{"line":184,"column":21}},"96":{"start":{"line":185,"column":23},"end":{"line":189,"column":7}},"97":{"start":{"line":190,"column":6},"end":{"line":193,"column":7}},"98":{"start":{"line":191,"column":8},"end":{"line":191,"column":33}},"99":{"start":{"line":192,"column":8},"end":{"line":192,"column":15}},"100":{"start":{"line":195,"column":6},"end":{"line":195,"column":18}},"101":{"start":{"line":197,"column":6},"end":{"line":197,"column":46}},"102":{"start":{"line":198,"column":6},"end":{"line":198,"column":25}},"103":{"start":{"line":200,"column":6},"end":{"line":200,"column":24}},"104":{"start":{"line":205,"column":20},"end":{"line":211,"column":3}},"105":{"start":{"line":206,"column":4},"end":{"line":206,"column":21}},"106":{"start":{"line":207,"column":4},"end":{"line":207,"column":20}},"107":{"start":{"line":208,"column":4},"end":{"line":208,"column":25}},"108":{"start":{"line":209,"column":4},"end":{"line":209,"column":19}},"109":{"start":{"line":210,"column":4},"end":{"line":210,"column":30}},"110":{"start":{"line":214,"column":21},"end":{"line":262,"column":3}},"111":{"start":{"line":215,"column":4},"end":{"line":261,"column":5}},"112":{"start":{"line":217,"column":8},"end":{"line":217,"column":87}},"113":{"start":{"line":220,"column":8},"end":{"line":233,"column":10}},"114":{"start":{"line":236,"column":8},"end":{"line":244,"column":10}},"115":{"start":{"line":247,"column":8},"end":{"line":254,"column":10}},"116":{"start":{"line":257,"column":8},"end":{"line":257,"column":58}},"117":{"start":{"line":260,"column":8},"end":{"line":260,"column":87}},"118":{"start":{"line":264,"column":2},"end":{"line":285,"column":4}},"119":{"start":{"line":290,"column":26},"end":{"line":290,"column":38}},"120":{"start":{"line":291,"column":48},"end":{"line":291,"column":62}},"121":{"start":{"line":292,"column":50},"end":{"line":292,"column":62}},"122":{"start":{"line":293,"column":48},"end":{"line":293,"column":62}},"123":{"start":{"line":296,"column":2},"end":{"line":310,"column":9}},"124":{"start":{"line":297,"column":26},"end":{"line":308,"column":5}},"125":{"start":{"line":298,"column":6},"end":{"line":307,"column":7}},"126":{"start":{"line":299,"column":8},"end":{"line":299,"column":33}},"127":{"start":{"line":300,"column":25},"end":{"line":300,"column":70}},"128":{"start":{"line":302,"column":8},"end":{"line":302,"column":62}},"129":{"start":{"line":304,"column":8},"end":{"line":304,"column":54}},"130":{"start":{"line":306,"column":8},"end":{"line":306,"column":34}},"131":{"start":{"line":309,"column":4},"end":{"line":309,"column":20}},"132":{"start":{"line":312,"column":23},"end":{"line":317,"column":3}},"133":{"start":{"line":313,"column":4},"end":{"line":313,"column":23}},"134":{"start":{"line":314,"column":4},"end":{"line":316,"column":5}},"135":{"start":{"line":315,"column":6},"end":{"line":315,"column":52}},"136":{"start":{"line":319,"column":25},"end":{"line":321,"column":3}},"137":{"start":{"line":320,"column":4},"end":{"line":320,"column":29}},"138":{"start":{"line":323,"column":2},"end":{"line":389,"column":4}},"139":{"start":{"line":337,"column":29},"end":{"line":337,"column":52}},"140":{"start":{"line":358,"column":16},"end":{"line":370,"column":25}},"141":{"start":{"line":361,"column":33},"end":{"line":361,"column":53}},"142":{"start":{"line":394,"column":2},"end":{"line":511,"column":4}},"143":{"start":{"line":409,"column":14},"end":{"line":421,"column":20}},"144":{"start":{"line":416,"column":33},"end":{"line":416,"column":50}},"145":{"start":{"line":438,"column":18},"end":{"line":441,"column":24}},"146":{"start":{"line":466,"column":18},"end":{"line":488,"column":24}},"147":{"start":{"line":475,"column":39},"end":{"line":475,"column":95}},"148":{"start":{"line":482,"column":39},"end":{"line":482,"column":95}},"149":{"start":{"line":516,"column":2},"end":{"line":516,"column":27}},"150":{"start":{"line":516,"column":15},"end":{"line":516,"column":27}},"151":{"start":{"line":518,"column":2},"end":{"line":572,"column":4}},"152":{"start":{"line":538,"column":14},"end":{"line":541,"column":20}},"153":{"start":{"line":577,"column":48},"end":{"line":577,"column":60}},"154":{"start":{"line":578,"column":36},"end":{"line":578,"column":48}},"155":{"start":{"line":579,"column":58},"end":{"line":579,"column":73}},"156":{"start":{"line":580,"column":56},"end":{"line":580,"column":71}},"157":{"start":{"line":583,"column":42},"end":{"line":583,"column":54}},"158":{"start":{"line":584,"column":40},"end":{"line":584,"column":52}},"159":{"start":{"line":585,"column":42},"end":{"line":585,"column":54}},"160":{"start":{"line":586,"column":24},"end":{"line":586,"column":36}},"161":{"start":{"line":588,"column":2},"end":{"line":588,"column":27}},"162":{"start":{"line":588,"column":15},"end":{"line":588,"column":27}},"163":{"start":{"line":590,"column":29},"end":{"line":605,"column":3}},"164":{"start":{"line":591,"column":4},"end":{"line":591,"column":31}},"165":{"start":{"line":592,"column":4},"end":{"line":604,"column":5}},"166":{"start":{"line":593,"column":6},"end":{"line":593,"column":36}},"167":{"start":{"line":594,"column":6},"end":{"line":594,"column":36}},"168":{"start":{"line":595,"column":6},"end":{"line":595,"column":23}},"169":{"start":{"line":596,"column":11},"end":{"line":604,"column":5}},"170":{"start":{"line":597,"column":6},"end":{"line":597,"column":37}},"171":{"start":{"line":598,"column":6},"end":{"line":598,"column":35}},"172":{"start":{"line":599,"column":6},"end":{"line":599,"column":23}},"173":{"start":{"line":601,"column":6},"end":{"line":601,"column":37}},"174":{"start":{"line":602,"column":6},"end":{"line":602,"column":36}},"175":{"start":{"line":603,"column":6},"end":{"line":603,"column":23}},"176":{"start":{"line":607,"column":24},"end":{"line":612,"column":3}},"177":{"start":{"line":608,"column":4},"end":{"line":608,"column":46}},"178":{"start":{"line":608,"column":37},"end":{"line":608,"column":46}},"179":{"start":{"line":609,"column":25},"end":{"line":609,"column":46}},"180":{"start":{"line":610,"column":21},"end":{"line":610,"column":45}},"181":{"start":{"line":611,"column":4},"end":{"line":611,"column":35}},"182":{"start":{"line":614,"column":16},"end":{"line":614,"column":31}},"183":{"start":{"line":615,"column":22},"end":{"line":615,"column":72}},"184":{"start":{"line":617,"column":31},"end":{"line":629,"column":3}},"185":{"start":{"line":618,"column":4},"end":{"line":620,"column":5}},"186":{"start":{"line":619,"column":6},"end":{"line":619,"column":13}},"187":{"start":{"line":622,"column":4},"end":{"line":625,"column":5}},"188":{"start":{"line":624,"column":6},"end":{"line":624,"column":13}},"189":{"start":{"line":627,"column":23},"end":{"line":627,"column":92}},"190":{"start":{"line":628,"column":4},"end":{"line":628,"column":50}},"191":{"start":{"line":631,"column":2},"end":{"line":880,"column":4}},"192":{"start":{"line":651,"column":14},"end":{"line":654,"column":20}},"193":{"start":{"line":671,"column":29},"end":{"line":671,"column":59}},"194":{"start":{"line":681,"column":29},"end":{"line":681,"column":68}},"195":{"start":{"line":691,"column":29},"end":{"line":691,"column":67}},"196":{"start":{"line":701,"column":29},"end":{"line":701,"column":54}},"197":{"start":{"line":726,"column":37},"end":{"line":726,"column":65}},"198":{"start":{"line":772,"column":36},"end":{"line":772,"column":82}},"199":{"start":{"line":773,"column":22},"end":{"line":773,"column":79}},"200":{"start":{"line":789,"column":37},"end":{"line":789,"column":81}},"201":{"start":{"line":805,"column":38},"end":{"line":805,"column":83}},"202":{"start":{"line":806,"column":24},"end":{"line":810,"column":25}},"203":{"start":{"line":807,"column":26},"end":{"line":807,"column":84}},"204":{"start":{"line":809,"column":26},"end":{"line":809,"column":49}},"205":{"start":{"line":826,"column":39},"end":{"line":826,"column":92}},"206":{"start":{"line":885,"column":2},"end":{"line":899,"column":4}}},"fnMap":{"0":{"name":"App","decl":{"start":{"line":7,"column":9},"end":{"line":7,"column":12}},"loc":{"start":{"line":7,"column":15},"end":{"line":286,"column":1}},"line":7},"1":{"name":"(anonymous_1)","decl":{"start":{"line":17,"column":12},"end":{"line":17,"column":13}},"loc":{"start":{"line":17,"column":18},"end":{"line":32,"column":3}},"line":17},"2":{"name":"(anonymous_2)","decl":{"start":{"line":18,"column":26},"end":{"line":18,"column":27}},"loc":{"start":{"line":18,"column":38},"end":{"line":29,"column":5}},"line":18},"3":{"name":"(anonymous_3)","decl":{"start":{"line":35,"column":12},"end":{"line":35,"column":13}},"loc":{"start":{"line":35,"column":18},"end":{"line":39,"column":3}},"line":35},"4":{"name":"(anonymous_4)","decl":{"start":{"line":41,"column":30},"end":{"line":41,"column":31}},"loc":{"start":{"line":41,"column":42},"end":{"line":53,"column":3}},"line":41},"5":{"name":"(anonymous_5)","decl":{"start":{"line":56,"column":23},"end":{"line":56,"column":24}},"loc":{"start":{"line":56,"column":45},"end":{"line":76,"column":3}},"line":56},"6":{"name":"(anonymous_6)","decl":{"start":{"line":79,"column":30},"end":{"line":79,"column":31}},"loc":{"start":{"line":79,"column":40},"end":{"line":91,"column":3}},"line":79},"7":{"name":"(anonymous_7)","decl":{"start":{"line":80,"column":40},"end":{"line":80,"column":41}},"loc":{"start":{"line":80,"column":45},"end":{"line":80,"column":71}},"line":80},"8":{"name":"(anonymous_8)","decl":{"start":{"line":83,"column":31},"end":{"line":83,"column":32}},"loc":{"start":{"line":84,"column":8},"end":{"line":86,"column":13}},"line":84},"9":{"name":"(anonymous_9)","decl":{"start":{"line":94,"column":28},"end":{"line":94,"column":29}},"loc":{"start":{"line":94,"column":40},"end":{"line":96,"column":3}},"line":94},"10":{"name":"(anonymous_10)","decl":{"start":{"line":95,"column":32},"end":{"line":95,"column":33}},"loc":{"start":{"line":95,"column":40},"end":{"line":95,"column":63}},"line":95},"11":{"name":"(anonymous_11)","decl":{"start":{"line":99,"column":30},"end":{"line":99,"column":31}},"loc":{"start":{"line":99,"column":58},"end":{"line":109,"column":3}},"line":99},"12":{"name":"(anonymous_12)","decl":{"start":{"line":103,"column":31},"end":{"line":103,"column":32}},"loc":{"start":{"line":104,"column":8},"end":{"line":106,"column":16}},"line":104},"13":{"name":"(anonymous_13)","decl":{"start":{"line":112,"column":40},"end":{"line":112,"column":41}},"loc":{"start":{"line":113,"column":4},"end":{"line":113,"column":42}},"line":113},"14":{"name":"(anonymous_14)","decl":{"start":{"line":117,"column":23},"end":{"line":117,"column":24}},"loc":{"start":{"line":117,"column":35},"end":{"line":148,"column":3}},"line":117},"15":{"name":"(anonymous_15)","decl":{"start":{"line":127,"column":39},"end":{"line":127,"column":40}},"loc":{"start":{"line":127,"column":48},"end":{"line":130,"column":7}},"line":127},"16":{"name":"(anonymous_16)","decl":{"start":{"line":151,"column":23},"end":{"line":151,"column":24}},"loc":{"start":{"line":151,"column":29},"end":{"line":155,"column":3}},"line":151},"17":{"name":"(anonymous_17)","decl":{"start":{"line":158,"column":22},"end":{"line":158,"column":23}},"loc":{"start":{"line":158,"column":34},"end":{"line":178,"column":3}},"line":158},"18":{"name":"(anonymous_18)","decl":{"start":{"line":181,"column":25},"end":{"line":181,"column":26}},"loc":{"start":{"line":181,"column":54},"end":{"line":202,"column":3}},"line":181},"19":{"name":"(anonymous_19)","decl":{"start":{"line":205,"column":20},"end":{"line":205,"column":21}},"loc":{"start":{"line":205,"column":26},"end":{"line":211,"column":3}},"line":205},"20":{"name":"(anonymous_20)","decl":{"start":{"line":214,"column":21},"end":{"line":214,"column":22}},"loc":{"start":{"line":214,"column":27},"end":{"line":262,"column":3}},"line":214},"21":{"name":"TelaCliente","decl":{"start":{"line":289,"column":9},"end":{"line":289,"column":20}},"loc":{"start":{"line":289,"column":51},"end":{"line":390,"column":1}},"line":289},"22":{"name":"(anonymous_22)","decl":{"start":{"line":296,"column":12},"end":{"line":296,"column":13}},"loc":{"start":{"line":296,"column":18},"end":{"line":310,"column":3}},"line":296},"23":{"name":"(anonymous_23)","decl":{"start":{"line":297,"column":26},"end":{"line":297,"column":27}},"loc":{"start":{"line":297,"column":38},"end":{"line":308,"column":5}},"line":297},"24":{"name":"(anonymous_24)","decl":{"start":{"line":312,"column":23},"end":{"line":312,"column":24}},"loc":{"start":{"line":312,"column":30},"end":{"line":317,"column":3}},"line":312},"25":{"name":"(anonymous_25)","decl":{"start":{"line":319,"column":25},"end":{"line":319,"column":26}},"loc":{"start":{"line":319,"column":35},"end":{"line":321,"column":3}},"line":319},"26":{"name":"(anonymous_26)","decl":{"start":{"line":337,"column":22},"end":{"line":337,"column":23}},"loc":{"start":{"line":337,"column":29},"end":{"line":337,"column":52}},"line":337},"27":{"name":"(anonymous_27)","decl":{"start":{"line":357,"column":36},"end":{"line":357,"column":37}},"loc":{"start":{"line":358,"column":16},"end":{"line":370,"column":25}},"line":358},"28":{"name":"(anonymous_28)","decl":{"start":{"line":361,"column":27},"end":{"line":361,"column":28}},"loc":{"start":{"line":361,"column":33},"end":{"line":361,"column":53}},"line":361},"29":{"name":"TelaMenu","decl":{"start":{"line":393,"column":9},"end":{"line":393,"column":17}},"loc":{"start":{"line":393,"column":138},"end":{"line":512,"column":1}},"line":393},"30":{"name":"(anonymous_30)","decl":{"start":{"line":408,"column":23},"end":{"line":408,"column":24}},"loc":{"start":{"line":409,"column":14},"end":{"line":421,"column":20}},"line":409},"31":{"name":"(anonymous_31)","decl":{"start":{"line":416,"column":27},"end":{"line":416,"column":28}},"loc":{"start":{"line":416,"column":33},"end":{"line":416,"column":50}},"line":416},"32":{"name":"(anonymous_32)","decl":{"start":{"line":437,"column":39},"end":{"line":437,"column":40}},"loc":{"start":{"line":438,"column":18},"end":{"line":441,"column":24}},"line":438},"33":{"name":"(anonymous_33)","decl":{"start":{"line":465,"column":30},"end":{"line":465,"column":31}},"loc":{"start":{"line":466,"column":18},"end":{"line":488,"column":24}},"line":466},"34":{"name":"(anonymous_34)","decl":{"start":{"line":475,"column":33},"end":{"line":475,"column":34}},"loc":{"start":{"line":475,"column":39},"end":{"line":475,"column":95}},"line":475},"35":{"name":"(anonymous_35)","decl":{"start":{"line":482,"column":33},"end":{"line":482,"column":34}},"loc":{"start":{"line":482,"column":39},"end":{"line":482,"column":95}},"line":482},"36":{"name":"TelaPedido","decl":{"start":{"line":515,"column":9},"end":{"line":515,"column":19}},"loc":{"start":{"line":515,"column":79},"end":{"line":573,"column":1}},"line":515},"37":{"name":"(anonymous_37)","decl":{"start":{"line":537,"column":30},"end":{"line":537,"column":31}},"loc":{"start":{"line":538,"column":14},"end":{"line":541,"column":20}},"line":538},"38":{"name":"TelaPagamento","decl":{"start":{"line":576,"column":9},"end":{"line":576,"column":22}},"loc":{"start":{"line":576,"column":69},"end":{"line":881,"column":1}},"line":576},"39":{"name":"(anonymous_39)","decl":{"start":{"line":590,"column":29},"end":{"line":590,"column":30}},"loc":{"start":{"line":590,"column":41},"end":{"line":605,"column":3}},"line":590},"40":{"name":"(anonymous_40)","decl":{"start":{"line":607,"column":24},"end":{"line":607,"column":25}},"loc":{"start":{"line":607,"column":30},"end":{"line":612,"column":3}},"line":607},"41":{"name":"(anonymous_41)","decl":{"start":{"line":617,"column":31},"end":{"line":617,"column":32}},"loc":{"start":{"line":617,"column":37},"end":{"line":629,"column":3}},"line":617},"42":{"name":"(anonymous_42)","decl":{"start":{"line":650,"column":30},"end":{"line":650,"column":31}},"loc":{"start":{"line":651,"column":14},"end":{"line":654,"column":20}},"line":651},"43":{"name":"(anonymous_43)","decl":{"start":{"line":671,"column":23},"end":{"line":671,"column":24}},"loc":{"start":{"line":671,"column":29},"end":{"line":671,"column":59}},"line":671},"44":{"name":"(anonymous_44)","decl":{"start":{"line":681,"column":23},"end":{"line":681,"column":24}},"loc":{"start":{"line":681,"column":29},"end":{"line":681,"column":68}},"line":681},"45":{"name":"(anonymous_45)","decl":{"start":{"line":691,"column":23},"end":{"line":691,"column":24}},"loc":{"start":{"line":691,"column":29},"end":{"line":691,"column":67}},"line":691},"46":{"name":"(anonymous_46)","decl":{"start":{"line":701,"column":23},"end":{"line":701,"column":24}},"loc":{"start":{"line":701,"column":29},"end":{"line":701,"column":54}},"line":701},"47":{"name":"(anonymous_47)","decl":{"start":{"line":726,"column":30},"end":{"line":726,"column":31}},"loc":{"start":{"line":726,"column":37},"end":{"line":726,"column":65}},"line":726},"48":{"name":"(anonymous_48)","decl":{"start":{"line":771,"column":30},"end":{"line":771,"column":31}},"loc":{"start":{"line":771,"column":37},"end":{"line":774,"column":21}},"line":771},"49":{"name":"(anonymous_49)","decl":{"start":{"line":789,"column":30},"end":{"line":789,"column":31}},"loc":{"start":{"line":789,"column":37},"end":{"line":789,"column":81}},"line":789},"50":{"name":"(anonymous_50)","decl":{"start":{"line":804,"column":32},"end":{"line":804,"column":33}},"loc":{"start":{"line":804,"column":39},"end":{"line":811,"column":23}},"line":804},"51":{"name":"(anonymous_51)","decl":{"start":{"line":826,"column":32},"end":{"line":826,"column":33}},"loc":{"start":{"line":826,"column":39},"end":{"line":826,"column":92}},"line":826},"52":{"name":"TelaFinalizado","decl":{"start":{"line":884,"column":9},"end":{"line":884,"column":23}},"loc":{"start":{"line":884,"column":41},"end":{"line":900,"column":1}},"line":884}},"branchMap":{"0":{"loc":{"start":{"line":22,"column":17},"end":{"line":22,"column":37}},"type":"binary-expr","locations":[{"start":{"line":22,"column":17},"end":{"line":22,"column":31}},{"start":{"line":22,"column":35},"end":{"line":22,"column":37}}],"line":22},"1":{"loc":{"start":{"line":36,"column":4},"end":{"line":38,"column":5}},"type":"if","locations":[{"start":{"line":36,"column":4},"end":{"line":38,"column":5}},{"start":{},"end":{}}],"line":36},"2":{"loc":{"start":{"line":44,"column":6},"end":{"line":48,"column":7}},"type":"if","locations":[{"start":{"line":44,"column":6},"end":{"line":48,"column":7}},{"start":{},"end":{}}],"line":44},"3":{"loc":{"start":{"line":63,"column":6},"end":{"line":66,"column":7}},"type":"if","locations":[{"start":{"line":63,"column":6},"end":{"line":66,"column":7}},{"start":{},"end":{}}],"line":63},"4":{"loc":{"start":{"line":82,"column":4},"end":{"line":90,"column":5}},"type":"if","locations":[{"start":{"line":82,"column":4},"end":{"line":90,"column":5}},{"start":{"line":88,"column":11},"end":{"line":90,"column":5}}],"line":82},"5":{"loc":{"start":{"line":84,"column":8},"end":{"line":86,"column":13}},"type":"cond-expr","locations":[{"start":{"line":85,"column":12},"end":{"line":85,"column":50}},{"start":{"line":86,"column":12},"end":{"line":86,"column":13}}],"line":84},"6":{"loc":{"start":{"line":100,"column":4},"end":{"line":108,"column":5}},"type":"if","locations":[{"start":{"line":100,"column":4},"end":{"line":108,"column":5}},{"start":{"line":102,"column":11},"end":{"line":108,"column":5}}],"line":100},"7":{"loc":{"start":{"line":104,"column":8},"end":{"line":106,"column":16}},"type":"cond-expr","locations":[{"start":{"line":105,"column":12},"end":{"line":105,"column":51}},{"start":{"line":106,"column":12},"end":{"line":106,"column":16}}],"line":104},"8":{"loc":{"start":{"line":118,"column":4},"end":{"line":121,"column":5}},"type":"if","locations":[{"start":{"line":118,"column":4},"end":{"line":121,"column":5}},{"start":{},"end":{}}],"line":118},"9":{"loc":{"start":{"line":134,"column":6},"end":{"line":137,"column":7}},"type":"if","locations":[{"start":{"line":134,"column":6},"end":{"line":137,"column":7}},{"start":{},"end":{}}],"line":134},"10":{"loc":{"start":{"line":165,"column":6},"end":{"line":168,"column":7}},"type":"if","locations":[{"start":{"line":165,"column":6},"end":{"line":168,"column":7}},{"start":{},"end":{}}],"line":165},"11":{"loc":{"start":{"line":190,"column":6},"end":{"line":193,"column":7}},"type":"if","locations":[{"start":{"line":190,"column":6},"end":{"line":193,"column":7}},{"start":{},"end":{}}],"line":190},"12":{"loc":{"start":{"line":215,"column":4},"end":{"line":261,"column":5}},"type":"switch","locations":[{"start":{"line":216,"column":6},"end":{"line":217,"column":87}},{"start":{"line":219,"column":6},"end":{"line":233,"column":10}},{"start":{"line":235,"column":6},"end":{"line":244,"column":10}},{"start":{"line":246,"column":6},"end":{"line":254,"column":10}},{"start":{"line":256,"column":6},"end":{"line":257,"column":58}},{"start":{"line":259,"column":6},"end":{"line":260,"column":87}}],"line":215},"13":{"loc":{"start":{"line":302,"column":28},"end":{"line":302,"column":60}},"type":"binary-expr","locations":[{"start":{"line":302,"column":28},"end":{"line":302,"column":54}},{"start":{"line":302,"column":58},"end":{"line":302,"column":60}}],"line":302},"14":{"loc":{"start":{"line":314,"column":4},"end":{"line":316,"column":5}},"type":"if","locations":[{"start":{"line":314,"column":4},"end":{"line":316,"column":5}},{"start":{},"end":{}}],"line":314},"15":{"loc":{"start":{"line":314,"column":8},"end":{"line":314,"column":38}},"type":"binary-expr","locations":[{"start":{"line":314,"column":8},"end":{"line":314,"column":19}},{"start":{"line":314,"column":23},"end":{"line":314,"column":38}}],"line":314},"16":{"loc":{"start":{"line":326,"column":7},"end":{"line":330,"column":7}},"type":"binary-expr","locations":[{"start":{"line":326,"column":7},"end":{"line":326,"column":12}},{"start":{"line":327,"column":8},"end":{"line":329,"column":14}}],"line":326},"17":{"loc":{"start":{"line":345,"column":11},"end":{"line":373,"column":11}},"type":"cond-expr","locations":[{"start":{"line":346,"column":12},"end":{"line":349,"column":18}},{"start":{"line":350,"column":14},"end":{"line":373,"column":11}}],"line":345},"18":{"loc":{"start":{"line":350,"column":14},"end":{"line":373,"column":11}},"type":"cond-expr","locations":[{"start":{"line":351,"column":12},"end":{"line":354,"column":18}},{"start":{"line":356,"column":12},"end":{"line":372,"column":18}}],"line":350},"19":{"loc":{"start":{"line":359,"column":23},"end":{"line":359,"column":50}},"type":"binary-expr","locations":[{"start":{"line":359,"column":23},"end":{"line":359,"column":35}},{"start":{"line":359,"column":39},"end":{"line":359,"column":50}}],"line":359},"20":{"loc":{"start":{"line":364,"column":21},"end":{"line":366,"column":103}},"type":"cond-expr","locations":[{"start":{"line":365,"column":24},"end":{"line":365,"column":105}},{"start":{"line":366,"column":24},"end":{"line":366,"column":103}}],"line":364},"21":{"loc":{"start":{"line":364,"column":21},"end":{"line":364,"column":80}},"type":"binary-expr","locations":[{"start":{"line":364,"column":21},"end":{"line":364,"column":36}},{"start":{"line":364,"column":40},"end":{"line":364,"column":80}}],"line":364},"22":{"loc":{"start":{"line":369,"column":24},"end":{"line":369,"column":51}},"type":"binary-expr","locations":[{"start":{"line":369,"column":24},"end":{"line":369,"column":35}},{"start":{"line":369,"column":39},"end":{"line":369,"column":51}}],"line":369},"23":{"loc":{"start":{"line":374,"column":11},"end":{"line":378,"column":11}},"type":"binary-expr","locations":[{"start":{"line":374,"column":11},"end":{"line":374,"column":26}},{"start":{"line":375,"column":12},"end":{"line":377,"column":16}}],"line":374},"24":{"loc":{"start":{"line":382,"column":20},"end":{"line":382,"column":63}},"type":"binary-expr","locations":[{"start":{"line":382,"column":20},"end":{"line":382,"column":27}},{"start":{"line":382,"column":31},"end":{"line":382,"column":43}},{"start":{"line":382,"column":47},"end":{"line":382,"column":63}}],"line":382},"25":{"loc":{"start":{"line":385,"column":11},"end":{"line":385,"column":50}},"type":"cond-expr","locations":[{"start":{"line":385,"column":21},"end":{"line":385,"column":36}},{"start":{"line":385,"column":39},"end":{"line":385,"column":50}}],"line":385},"26":{"loc":{"start":{"line":398,"column":7},"end":{"line":402,"column":7}},"type":"binary-expr","locations":[{"start":{"line":398,"column":7},"end":{"line":398,"column":12}},{"start":{"line":399,"column":8},"end":{"line":401,"column":14}}],"line":398},"27":{"loc":{"start":{"line":430,"column":11},"end":{"line":451,"column":11}},"type":"binary-expr","locations":[{"start":{"line":430,"column":11},"end":{"line":430,"column":22}},{"start":{"line":430,"column":26},"end":{"line":430,"column":43}},{"start":{"line":430,"column":47},"end":{"line":430,"column":75}},{"start":{"line":431,"column":12},"end":{"line":450,"column":18}}],"line":430},"28":{"loc":{"start":{"line":453,"column":11},"end":{"line":507,"column":11}},"type":"cond-expr","locations":[{"start":{"line":454,"column":12},"end":{"line":457,"column":18}},{"start":{"line":459,"column":12},"end":{"line":506,"column":15}}],"line":453},"29":{"loc":{"start":{"line":500,"column":28},"end":{"line":500,"column":60}},"type":"binary-expr","locations":[{"start":{"line":500,"column":28},"end":{"line":500,"column":35}},{"start":{"line":500,"column":39},"end":{"line":500,"column":60}}],"line":500},"30":{"loc":{"start":{"line":503,"column":19},"end":{"line":503,"column":68}},"type":"cond-expr","locations":[{"start":{"line":503,"column":29},"end":{"line":503,"column":45}},{"start":{"line":503,"column":48},"end":{"line":503,"column":68}}],"line":503},"31":{"loc":{"start":{"line":516,"column":2},"end":{"line":516,"column":27}},"type":"if","locations":[{"start":{"line":516,"column":2},"end":{"line":516,"column":27}},{"start":{},"end":{}}],"line":516},"32":{"loc":{"start":{"line":522,"column":7},"end":{"line":526,"column":7}},"type":"binary-expr","locations":[{"start":{"line":522,"column":7},"end":{"line":522,"column":12}},{"start":{"line":523,"column":8},"end":{"line":525,"column":14}}],"line":522},"33":{"loc":{"start":{"line":588,"column":2},"end":{"line":588,"column":27}},"type":"if","locations":[{"start":{"line":588,"column":2},"end":{"line":588,"column":27}},{"start":{},"end":{}}],"line":588},"34":{"loc":{"start":{"line":592,"column":4},"end":{"line":604,"column":5}},"type":"if","locations":[{"start":{"line":592,"column":4},"end":{"line":604,"column":5}},{"start":{"line":596,"column":11},"end":{"line":604,"column":5}}],"line":592},"35":{"loc":{"start":{"line":596,"column":11},"end":{"line":604,"column":5}},"type":"if","locations":[{"start":{"line":596,"column":11},"end":{"line":604,"column":5}},{"start":{"line":600,"column":11},"end":{"line":604,"column":5}}],"line":596},"36":{"loc":{"start":{"line":596,"column":15},"end":{"line":596,"column":78}},"type":"binary-expr","locations":[{"start":{"line":596,"column":15},"end":{"line":596,"column":45}},{"start":{"line":596,"column":49},"end":{"line":596,"column":78}}],"line":596},"37":{"loc":{"start":{"line":608,"column":4},"end":{"line":608,"column":46}},"type":"if","locations":[{"start":{"line":608,"column":4},"end":{"line":608,"column":46}},{"start":{},"end":{}}],"line":608},"38":{"loc":{"start":{"line":608,"column":8},"end":{"line":608,"column":35}},"type":"binary-expr","locations":[{"start":{"line":608,"column":8},"end":{"line":608,"column":18}},{"start":{"line":608,"column":22},"end":{"line":608,"column":35}}],"line":608},"39":{"loc":{"start":{"line":615,"column":22},"end":{"line":615,"column":72}},"type":"binary-expr","locations":[{"start":{"line":615,"column":22},"end":{"line":615,"column":31}},{"start":{"line":615,"column":35},"end":{"line":615,"column":72}}],"line":615},"40":{"loc":{"start":{"line":618,"column":4},"end":{"line":620,"column":5}},"type":"if","locations":[{"start":{"line":618,"column":4},"end":{"line":620,"column":5}},{"start":{},"end":{}}],"line":618},"41":{"loc":{"start":{"line":618,"column":8},"end":{"line":618,"column":54}},"type":"binary-expr","locations":[{"start":{"line":618,"column":8},"end":{"line":618,"column":38}},{"start":{"line":618,"column":42},"end":{"line":618,"column":54}}],"line":618},"42":{"loc":{"start":{"line":622,"column":4},"end":{"line":625,"column":5}},"type":"if","locations":[{"start":{"line":622,"column":4},"end":{"line":625,"column":5}},{"start":{},"end":{}}],"line":622},"43":{"loc":{"start":{"line":622,"column":8},"end":{"line":623,"column":64}},"type":"binary-expr","locations":[{"start":{"line":622,"column":9},"end":{"line":622,"column":48}},{"start":{"line":622,"column":52},"end":{"line":622,"column":90}},{"start":{"line":623,"column":9},"end":{"line":623,"column":22}},{"start":{"line":623,"column":26},"end":{"line":623,"column":38}},{"start":{"line":623,"column":42},"end":{"line":623,"column":55}},{"start":{"line":623,"column":59},"end":{"line":623,"column":63}}],"line":622},"44":{"loc":{"start":{"line":627,"column":23},"end":{"line":627,"column":92}},"type":"cond-expr","locations":[{"start":{"line":627,"column":56},"end":{"line":627,"column":77}},{"start":{"line":627,"column":80},"end":{"line":627,"column":92}}],"line":627},"45":{"loc":{"start":{"line":635,"column":7},"end":{"line":639,"column":7}},"type":"binary-expr","locations":[{"start":{"line":635,"column":7},"end":{"line":635,"column":12}},{"start":{"line":636,"column":8},"end":{"line":638,"column":14}}],"line":635},"46":{"loc":{"start":{"line":673,"column":16},"end":{"line":675,"column":60}},"type":"cond-expr","locations":[{"start":{"line":674,"column":20},"end":{"line":674,"column":65}},{"start":{"line":675,"column":20},"end":{"line":675,"column":60}}],"line":673},"47":{"loc":{"start":{"line":683,"column":16},"end":{"line":685,"column":59}},"type":"cond-expr","locations":[{"start":{"line":684,"column":20},"end":{"line":684,"column":62}},{"start":{"line":685,"column":20},"end":{"line":685,"column":59}}],"line":683},"48":{"loc":{"start":{"line":693,"column":16},"end":{"line":695,"column":61}},"type":"cond-expr","locations":[{"start":{"line":694,"column":20},"end":{"line":694,"column":68}},{"start":{"line":695,"column":20},"end":{"line":695,"column":61}}],"line":693},"49":{"loc":{"start":{"line":703,"column":16},"end":{"line":705,"column":61}},"type":"cond-expr","locations":[{"start":{"line":704,"column":20},"end":{"line":704,"column":68}},{"start":{"line":705,"column":20},"end":{"line":705,"column":61}}],"line":703},"50":{"loc":{"start":{"line":712,"column":11},"end":{"line":754,"column":11}},"type":"binary-expr","locations":[{"start":{"line":712,"column":11},"end":{"line":712,"column":31}},{"start":{"line":713,"column":12},"end":{"line":753,"column":18}}],"line":712},"51":{"loc":{"start":{"line":732,"column":17},"end":{"line":751,"column":17}},"type":"binary-expr","locations":[{"start":{"line":732,"column":17},"end":{"line":732,"column":26}},{"start":{"line":733,"column":18},"end":{"line":750,"column":24}}],"line":732},"52":{"loc":{"start":{"line":740,"column":43},"end":{"line":740,"column":57}},"type":"binary-expr","locations":[{"start":{"line":740,"column":43},"end":{"line":740,"column":52}},{"start":{"line":740,"column":56},"end":{"line":740,"column":57}}],"line":740},"53":{"loc":{"start":{"line":744,"column":24},"end":{"line":744,"column":70}},"type":"cond-expr","locations":[{"start":{"line":744,"column":37},"end":{"line":744,"column":53}},{"start":{"line":744,"column":56},"end":{"line":744,"column":70}}],"line":744},"54":{"loc":{"start":{"line":746,"column":31},"end":{"line":746,"column":76}},"type":"cond-expr","locations":[{"start":{"line":746,"column":44},"end":{"line":746,"column":52}},{"start":{"line":746,"column":55},"end":{"line":746,"column":76}}],"line":746},"55":{"loc":{"start":{"line":756,"column":11},"end":{"line":843,"column":11}},"type":"binary-expr","locations":[{"start":{"line":756,"column":11},"end":{"line":756,"column":30}},{"start":{"line":757,"column":12},"end":{"line":842,"column":18}}],"line":756},"56":{"loc":{"start":{"line":806,"column":24},"end":{"line":810,"column":25}},"type":"if","locations":[{"start":{"line":806,"column":24},"end":{"line":810,"column":25}},{"start":{"line":808,"column":31},"end":{"line":810,"column":25}}],"line":806},"57":{"loc":{"start":{"line":848,"column":14},"end":{"line":852,"column":72}},"type":"binary-expr","locations":[{"start":{"line":848,"column":14},"end":{"line":848,"column":21}},{"start":{"line":849,"column":14},"end":{"line":849,"column":30}},{"start":{"line":850,"column":15},"end":{"line":850,"column":45}},{"start":{"line":850,"column":49},"end":{"line":850,"column":61}},{"start":{"line":851,"column":16},"end":{"line":851,"column":55}},{"start":{"line":851,"column":59},"end":{"line":851,"column":97}},{"start":{"line":852,"column":16},"end":{"line":852,"column":29}},{"start":{"line":852,"column":33},"end":{"line":852,"column":45}},{"start":{"line":852,"column":49},"end":{"line":852,"column":62}},{"start":{"line":852,"column":66},"end":{"line":852,"column":70}}],"line":848},"58":{"loc":{"start":{"line":855,"column":14},"end":{"line":859,"column":82}},"type":"cond-expr","locations":[{"start":{"line":858,"column":18},"end":{"line":858,"column":64}},{"start":{"line":859,"column":18},"end":{"line":859,"column":82}}],"line":855},"59":{"loc":{"start":{"line":855,"column":14},"end":{"line":857,"column":72}},"type":"binary-expr","locations":[{"start":{"line":855,"column":15},"end":{"line":855,"column":45}},{"start":{"line":855,"column":49},"end":{"line":855,"column":61}},{"start":{"line":856,"column":16},"end":{"line":856,"column":55}},{"start":{"line":856,"column":59},"end":{"line":856,"column":97}},{"start":{"line":857,"column":16},"end":{"line":857,"column":29}},{"start":{"line":857,"column":33},"end":{"line":857,"column":45}},{"start":{"line":857,"column":49},"end":{"line":857,"column":62}},{"start":{"line":857,"column":66},"end":{"line":857,"column":70}}],"line":855},"60":{"loc":{"start":{"line":862,"column":13},"end":{"line":862,"column":63}},"type":"cond-expr","locations":[{"start":{"line":862,"column":23},"end":{"line":862,"column":39}},{"start":{"line":862,"column":42},"end":{"line":862,"column":63}}],"line":862},"61":{"loc":{"start":{"line":865,"column":11},"end":{"line":869,"column":11}},"type":"binary-expr","locations":[{"start":{"line":865,"column":11},"end":{"line":865,"column":41}},{"start":{"line":865,"column":45},"end":{"line":865,"column":57}},{"start":{"line":865,"column":61},"end":{"line":865,"column":70}},{"start":{"line":866,"column":12},"end":{"line":868,"column":16}}],"line":865},"62":{"loc":{"start":{"line":871,"column":11},"end":{"line":876,"column":11}},"type":"binary-expr","locations":[{"start":{"line":871,"column":12},"end":{"line":871,"column":51}},{"start":{"line":871,"column":55},"end":{"line":871,"column":93}},{"start":{"line":872,"column":12},"end":{"line":872,"column":25}},{"start":{"line":872,"column":29},"end":{"line":872,"column":41}},{"start":{"line":872,"column":45},"end":{"line":872,"column":58}},{"start":{"line":872,"column":62},"end":{"line":872,"column":66}},{"start":{"line":873,"column":12},"end":{"line":875,"column":16}}],"line":871}},"s":{"0":3,"1":2,"2":2,"3":2,"4":2,"5":2,"6":2,"7":2,"8":1,"9":1,"10":1,"11":1,"12":1,"13":0,"14":0,"15":1,"16":1,"17":2,"18":1,"19":0,"20":2,"21":0,"22":0,"23":0,"24":0,"25":0,"26":0,"27":2,"28":0,"29":0,"30":0,"31":0,"32":0,"33":0,"34":0,"35":0,"36":0,"37":0,"38":0,"39":0,"40":2,"41":0,"42":0,"43":0,"44":0,"45":0,"46":0,"47":2,"48":0,"49":0,"50":2,"51":0,"52":0,"53":0,"54":0,"55":2,"56":0,"57":2,"58":0,"59":0,"60":0,"61":0,"62":0,"63":0,"64":0,"65":0,"66":0,"67":0,"68":0,"69":0,"70":0,"71":0,"72":0,"73":0,"74":0,"75":0,"76":2,"77":0,"78":0,"79":2,"80":0,"81":0,"82":0,"83":0,"84":0,"85":0,"86":0,"87":0,"88":0,"89":0,"90":0,"91":0,"92":2,"93":0,"94":0,"95":0,"96":0,"97":0,"98":0,"99":0,"100":0,"101":0,"102":0,"103":0,"104":2,"105":0,"106":0,"107":0,"108":0,"109":0,"110":2,"111":2,"112":2,"113":0,"114":0,"115":0,"116":0,"117":0,"118":2,"119":2,"120":2,"121":2,"122":2,"123":2,"124":1,"125":1,"126":1,"127":1,"128":1,"129":0,"130":1,"131":1,"132":2,"133":0,"134":0,"135":0,"136":2,"137":0,"138":2,"139":0,"140":0,"141":0,"142":0,"143":0,"144":0,"145":0,"146":0,"147":0,"148":0,"149":0,"150":0,"151":0,"152":0,"153":0,"154":0,"155":0,"156":0,"157":0,"158":0,"159":0,"160":0,"161":0,"162":0,"163":0,"164":0,"165":0,"166":0,"167":0,"168":0,"169":0,"170":0,"171":0,"172":0,"173":0,"174":0,"175":0,"176":0,"177":0,"178":0,"179":0,"180":0,"181":0,"182":0,"183":0,"184":0,"185":0,"186":0,"187":0,"188":0,"189":0,"190":0,"191":0,"192":0,"193":0,"194":0,"195":0,"196":0,"197":0,"198":0,"199":0,"200":0,"201":0,"202":0,"203":0,"204":0,"205":0,"206":0},"f":{"0":3,"1":1,"2":1,"3":1,"4":0,"5":0,"6":0,"7":0,"8":0,"9":0,"10":0,"11":0,"12":0,"13":0,"14":0,"15":0,"16":0,"17":0,"18":0,"19":0,"20":2,"21":2,"22":1,"23":1,"24":0,"25":0,"26":0,"27":0,"28":0,"29":0,"30":0,"31":0,"32":0,"33":0,"34":0,"35":0,"36":0,"37":0,"38":0,"39":0,"40":0,"41":0,"42":0,"43":0,"44":0,"45":0,"46":0,"47":0,"48":0,"49":0,"50":0,"51":0,"52":0},"b":{"0":[1,0],"1":[0,1],"2":[0,0],"3":[0,0],"4":[0,0],"5":[0,0],"6":[0,0],"7":[0,0],"8":[0,0],"9":[0,0],"10":[0,0],"11":[0,0],"12":[2,0,0,0,0,0],"13":[1,0],"14":[0,0],"15":[0,0],"16":[2,0],"17":[2,0],"18":[0,0],"19":[0,0],"20":[0,0],"21":[0,0],"22":[0,0],"23":[2,0],"24":[2,1,0],"25":[1,1],"26":[0,0],"27":[0,0,0,0],"28":[0,0],"29":[0,0],"30":[0,0],"31":[0,0],"32":[0,0],"33":[0,0],"34":[0,0],"35":[0,0],"36":[0,0],"37":[0,0],"38":[0,0],"39":[0,0],"40":[0,0],"41":[0,0],"42":[0,0],"43":[0,0,0,0,0,0],"44":[0,0],"45":[0,0],"46":[0,0],"47":[0,0],"48":[0,0],"49":[0,0],"50":[0,0],"51":[0,0],"52":[0,0],"53":[0,0],"54":[0,0],"55":[0,0],"56":[0,0],"57":[0,0,0,0,0,0,0,0,0,0],"58":[0,0],"59":[0,0,0,0,0,0,0,0],"60":[0,0],"61":[0,0,0,0],"62":[0,0,0,0,0,0,0]},"_coverageSchema":"1a1c01bbd47fc00a2c39e90264f33305004495a9","hash":"34043b40180b2f8c42146b6a761e6b5e3a26dfa6"}
,"/Users/pedroaugustocarvalho/Documents/PWA para cálculo e pagamento de comandas/src/dataService.js": {"path":"/Users/pedroaugustocarvalho/Documents/PWA para cálculo e pagamento de comandas/src/dataService.js","statementMap":{"0":{"start":{"line":6,"column":14},"end":{"line":6,"column":39}},"1":{"start":{"line":7,"column":2},"end":{"line":10,"column":3}},"2":{"start":{"line":8,"column":22},"end":{"line":8,"column":38}},"3":{"start":{"line":9,"column":4},"end":{"line":9,"column":67}},"4":{"start":{"line":11,"column":2},"end":{"line":11,"column":26}},"5":{"start":{"line":14,"column":21},"end":{"line":14,"column":48}},"6":{"start":{"line":19,"column":30},"end":{"line":36,"column":1}},"7":{"start":{"line":21,"column":4},"end":{"line":25,"column":7}},"8":{"start":{"line":28,"column":4},"end":{"line":28,"column":56}},"9":{"start":{"line":31,"column":4},"end":{"line":31,"column":83}},"10":{"start":{"line":34,"column":4},"end":{"line":34,"column":58}},"11":{"start":{"line":41,"column":27},"end":{"line":65,"column":1}},"12":{"start":{"line":43,"column":4},"end":{"line":43,"column":46}},"13":{"start":{"line":46,"column":4},"end":{"line":46,"column":56}},"14":{"start":{"line":49,"column":4},"end":{"line":53,"column":7}},"15":{"start":{"line":56,"column":4},"end":{"line":60,"column":7}},"16":{"start":{"line":63,"column":4},"end":{"line":63,"column":78}},"17":{"start":{"line":70,"column":29},"end":{"line":97,"column":1}},"18":{"start":{"line":72,"column":4},"end":{"line":76,"column":7}},"19":{"start":{"line":79,"column":4},"end":{"line":79,"column":60}},"20":{"start":{"line":82,"column":4},"end":{"line":82,"column":75}},"21":{"start":{"line":85,"column":4},"end":{"line":89,"column":7}},"22":{"start":{"line":92,"column":4},"end":{"line":92,"column":87}},"23":{"start":{"line":95,"column":4},"end":{"line":95,"column":69}},"24":{"start":{"line":102,"column":32},"end":{"line":116,"column":1}},"25":{"start":{"line":104,"column":4},"end":{"line":108,"column":7}},"26":{"start":{"line":111,"column":4},"end":{"line":111,"column":66}},"27":{"start":{"line":114,"column":4},"end":{"line":114,"column":70}},"28":{"start":{"line":122,"column":2},"end":{"line":122,"column":33}},"29":{"start":{"line":126,"column":2},"end":{"line":130,"column":5}},"30":{"start":{"line":134,"column":2},"end":{"line":138,"column":5}},"31":{"start":{"line":142,"column":2},"end":{"line":142,"column":66}}},"fnMap":{"0":{"name":"fetchJson","decl":{"start":{"line":5,"column":15},"end":{"line":5,"column":24}},"loc":{"start":{"line":5,"column":44},"end":{"line":12,"column":1}},"line":5},"1":{"name":"(anonymous_1)","decl":{"start":{"line":20,"column":2},"end":{"line":20,"column":3}},"loc":{"start":{"line":20,"column":33},"end":{"line":26,"column":3}},"line":20},"2":{"name":"(anonymous_2)","decl":{"start":{"line":27,"column":2},"end":{"line":27,"column":3}},"loc":{"start":{"line":27,"column":34},"end":{"line":29,"column":3}},"line":27},"3":{"name":"(anonymous_3)","decl":{"start":{"line":30,"column":2},"end":{"line":30,"column":3}},"loc":{"start":{"line":30,"column":34},"end":{"line":32,"column":3}},"line":30},"4":{"name":"(anonymous_4)","decl":{"start":{"line":33,"column":2},"end":{"line":33,"column":3}},"loc":{"start":{"line":33,"column":33},"end":{"line":35,"column":3}},"line":33},"5":{"name":"(anonymous_5)","decl":{"start":{"line":42,"column":2},"end":{"line":42,"column":3}},"loc":{"start":{"line":42,"column":22},"end":{"line":44,"column":3}},"line":42},"6":{"name":"(anonymous_6)","decl":{"start":{"line":45,"column":2},"end":{"line":45,"column":3}},"loc":{"start":{"line":45,"column":26},"end":{"line":47,"column":3}},"line":45},"7":{"name":"(anonymous_7)","decl":{"start":{"line":48,"column":2},"end":{"line":48,"column":3}},"loc":{"start":{"line":48,"column":24},"end":{"line":54,"column":3}},"line":48},"8":{"name":"(anonymous_8)","decl":{"start":{"line":55,"column":2},"end":{"line":55,"column":3}},"loc":{"start":{"line":55,"column":36},"end":{"line":61,"column":3}},"line":55},"9":{"name":"(anonymous_9)","decl":{"start":{"line":62,"column":2},"end":{"line":62,"column":3}},"loc":{"start":{"line":62,"column":28},"end":{"line":64,"column":3}},"line":62},"10":{"name":"(anonymous_10)","decl":{"start":{"line":71,"column":2},"end":{"line":71,"column":3}},"loc":{"start":{"line":71,"column":38},"end":{"line":77,"column":3}},"line":71},"11":{"name":"(anonymous_11)","decl":{"start":{"line":78,"column":2},"end":{"line":78,"column":3}},"loc":{"start":{"line":78,"column":30},"end":{"line":80,"column":3}},"line":78},"12":{"name":"(anonymous_12)","decl":{"start":{"line":81,"column":2},"end":{"line":81,"column":3}},"loc":{"start":{"line":81,"column":43},"end":{"line":83,"column":3}},"line":81},"13":{"name":"(anonymous_13)","decl":{"start":{"line":84,"column":2},"end":{"line":84,"column":3}},"loc":{"start":{"line":84,"column":48},"end":{"line":90,"column":3}},"line":84},"14":{"name":"(anonymous_14)","decl":{"start":{"line":91,"column":2},"end":{"line":91,"column":3}},"loc":{"start":{"line":91,"column":31},"end":{"line":93,"column":3}},"line":91},"15":{"name":"(anonymous_15)","decl":{"start":{"line":94,"column":2},"end":{"line":94,"column":3}},"loc":{"start":{"line":94,"column":39},"end":{"line":96,"column":3}},"line":94},"16":{"name":"(anonymous_16)","decl":{"start":{"line":103,"column":2},"end":{"line":103,"column":3}},"loc":{"start":{"line":103,"column":48},"end":{"line":109,"column":3}},"line":103},"17":{"name":"(anonymous_17)","decl":{"start":{"line":110,"column":2},"end":{"line":110,"column":3}},"loc":{"start":{"line":110,"column":36},"end":{"line":112,"column":3}},"line":110},"18":{"name":"(anonymous_18)","decl":{"start":{"line":113,"column":2},"end":{"line":113,"column":3}},"loc":{"start":{"line":113,"column":42},"end":{"line":115,"column":3}},"line":113},"19":{"name":"listarMesas","decl":{"start":{"line":121,"column":22},"end":{"line":121,"column":33}},"loc":{"start":{"line":121,"column":36},"end":{"line":123,"column":1}},"line":121},"20":{"name":"criarMesa","decl":{"start":{"line":125,"column":22},"end":{"line":125,"column":31}},"loc":{"start":{"line":125,"column":38},"end":{"line":131,"column":1}},"line":125},"21":{"name":"editarMesa","decl":{"start":{"line":133,"column":22},"end":{"line":133,"column":32}},"loc":{"start":{"line":133,"column":48},"end":{"line":139,"column":1}},"line":133},"22":{"name":"deletarMesa","decl":{"start":{"line":141,"column":22},"end":{"line":141,"column":33}},"loc":{"start":{"line":141,"column":43},"end":{"line":143,"column":1}},"line":141}},"branchMap":{"0":{"loc":{"start":{"line":5,"column":30},"end":{"line":5,"column":42}},"type":"default-arg","locations":[{"start":{"line":5,"column":40},"end":{"line":5,"column":42}}],"line":5},"1":{"loc":{"start":{"line":7,"column":2},"end":{"line":10,"column":3}},"type":"if","locations":[{"start":{"line":7,"column":2},"end":{"line":10,"column":3}},{"start":{},"end":{}}],"line":7},"2":{"loc":{"start":{"line":9,"column":20},"end":{"line":9,"column":65}},"type":"binary-expr","locations":[{"start":{"line":9,"column":20},"end":{"line":9,"column":29}},{"start":{"line":9,"column":33},"end":{"line":9,"column":65}}],"line":9}},"s":{"0":2,"1":2,"2":0,"3":0,"4":2,"5":1,"6":1,"7":0,"8":0,"9":0,"10":1,"11":1,"12":1,"13":0,"14":0,"15":0,"16":0,"17":1,"18":0,"19":0,"20":0,"21":0,"22":0,"23":0,"24":1,"25":0,"26":0,"27":0,"28":0,"29":0,"30":0,"31":0},"f":{"0":2,"1":0,"2":0,"3":0,"4":1,"5":1,"6":0,"7":0,"8":0,"9":0,"10":0,"11":0,"12":0,"13":0,"14":0,"15":0,"16":0,"17":0,"18":0,"19":0,"20":0,"21":0,"22":0},"b":{"0":[2],"1":[0,2],"2":[0,0]},"_coverageSchema":"1a1c01bbd47fc00a2c39e90264f33305004495a9","hash":"9f9707a1778b1f32287ba1cfb2527ff9f95fde07"}
,"/Users/pedroaugustocarvalho/Documents/PWA para cálculo e pagamento de comandas/src/components/Header.jsx": {"path":"/Users/pedroaugustocarvalho/Documents/PWA para cálculo e pagamento de comandas/src/components/Header.jsx","statementMap":{"0":{"start":{"line":9,"column":15},"end":{"line":35,"column":1}},"1":{"start":{"line":10,"column":2},"end":{"line":34,"column":4}}},"fnMap":{"0":{"name":"(anonymous_0)","decl":{"start":{"line":9,"column":15},"end":{"line":9,"column":16}},"loc":{"start":{"line":9,"column":36},"end":{"line":35,"column":1}},"line":9}},"branchMap":{},"s":{"0":0,"1":0},"f":{"0":0},"b":{}}
,"/Users/pedroaugustocarvalho/Documents/PWA para cálculo e pagamento de comandas/src/components/MenuItemForm.jsx": {"path":"/Users/pedroaugustocarvalho/Documents/PWA para cálculo e pagamento de comandas/src/components/MenuItemForm.jsx","statementMap":{"0":{"start":{"line":6,"column":36},"end":{"line":6,"column":50}},"1":{"start":{"line":7,"column":38},"end":{"line":7,"column":65}},"2":{"start":{"line":8,"column":36},"end":{"line":8,"column":51}},"3":{"start":{"line":10,"column":28},"end":{"line":15,"column":3}},"4":{"start":{"line":11,"column":17},"end":{"line":11,"column":34}},"5":{"start":{"line":12,"column":4},"end":{"line":12,"column":23}},"6":{"start":{"line":13,"column":4},"end":{"line":13,"column":57}},"7":{"start":{"line":14,"column":4},"end":{"line":14,"column":37}},"8":{"start":{"line":18,"column":16},"end":{"line":18,"column":72}},"9":{"start":{"line":19,"column":19},"end":{"line":19,"column":31}},"10":{"start":{"line":20,"column":21},"end":{"line":20,"column":35}},"11":{"start":{"line":21,"column":4},"end":{"line":21,"column":34}},"12":{"start":{"line":22,"column":4},"end":{"line":22,"column":45}},"13":{"start":{"line":23,"column":16},"end":{"line":23,"column":68}},"14":{"start":{"line":24,"column":17},"end":{"line":24,"column":33}},"15":{"start":{"line":25,"column":4},"end":{"line":25,"column":27}},"16":{"start":{"line":28,"column":21},"end":{"line":36,"column":3}},"17":{"start":{"line":29,"column":19},"end":{"line":29,"column":29}},"18":{"start":{"line":30,"column":4},"end":{"line":34,"column":5}},"19":{"start":{"line":31,"column":6},"end":{"line":31,"column":25}},"20":{"start":{"line":32,"column":6},"end":{"line":32,"column":53}},"21":{"start":{"line":33,"column":6},"end":{"line":33,"column":26}},"22":{"start":{"line":35,"column":4},"end":{"line":35,"column":41}},"23":{"start":{"line":38,"column":2},"end":{"line":38,"column":25}},"24":{"start":{"line":38,"column":13},"end":{"line":38,"column":25}},"25":{"start":{"line":39,"column":2},"end":{"line":127,"column":4}},"26":{"start":{"line":52,"column":29},"end":{"line":52,"column":72}},"27":{"start":{"line":61,"column":29},"end":{"line":61,"column":79}},"28":{"start":{"line":74,"column":30},"end":{"line":74,"column":62}},"29":{"start":{"line":75,"column":31},"end":{"line":75,"column":48}},"30":{"start":{"line":76,"column":16},"end":{"line":76,"column":74}},"31":{"start":{"line":85,"column":29},"end":{"line":85,"column":89}},"32":{"start":{"line":88,"column":16},"end":{"line":90,"column":25}},"33":{"start":{"line":110,"column":29},"end":{"line":110,"column":82}}},"fnMap":{"0":{"name":"MenuItemForm","decl":{"start":{"line":5,"column":16},"end":{"line":5,"column":28}},"loc":{"start":{"line":5,"column":79},"end":{"line":128,"column":1}},"line":5},"1":{"name":"(anonymous_1)","decl":{"start":{"line":10,"column":28},"end":{"line":10,"column":29}},"loc":{"start":{"line":10,"column":35},"end":{"line":15,"column":3}},"line":10},"2":{"name":"uploadToCloudinary","decl":{"start":{"line":17,"column":17},"end":{"line":17,"column":35}},"loc":{"start":{"line":17,"column":42},"end":{"line":26,"column":3}},"line":17},"3":{"name":"(anonymous_3)","decl":{"start":{"line":28,"column":21},"end":{"line":28,"column":22}},"loc":{"start":{"line":28,"column":33},"end":{"line":36,"column":3}},"line":28},"4":{"name":"(anonymous_4)","decl":{"start":{"line":52,"column":24},"end":{"line":52,"column":25}},"loc":{"start":{"line":52,"column":29},"end":{"line":52,"column":72}},"line":52},"5":{"name":"(anonymous_5)","decl":{"start":{"line":61,"column":24},"end":{"line":61,"column":25}},"loc":{"start":{"line":61,"column":29},"end":{"line":61,"column":79}},"line":61},"6":{"name":"(anonymous_6)","decl":{"start":{"line":72,"column":24},"end":{"line":72,"column":25}},"loc":{"start":{"line":72,"column":29},"end":{"line":77,"column":15}},"line":72},"7":{"name":"(anonymous_7)","decl":{"start":{"line":85,"column":24},"end":{"line":85,"column":25}},"loc":{"start":{"line":85,"column":29},"end":{"line":85,"column":89}},"line":85},"8":{"name":"(anonymous_8)","decl":{"start":{"line":87,"column":30},"end":{"line":87,"column":31}},"loc":{"start":{"line":88,"column":16},"end":{"line":90,"column":25}},"line":88},"9":{"name":"(anonymous_9)","decl":{"start":{"line":110,"column":24},"end":{"line":110,"column":25}},"loc":{"start":{"line":110,"column":29},"end":{"line":110,"column":82}},"line":110}},"branchMap":{"0":{"loc":{"start":{"line":7,"column":47},"end":{"line":7,"column":64}},"type":"binary-expr","locations":[{"start":{"line":7,"column":47},"end":{"line":7,"column":58}},{"start":{"line":7,"column":62},"end":{"line":7,"column":64}}],"line":7},"1":{"loc":{"start":{"line":13,"column":18},"end":{"line":13,"column":55}},"type":"cond-expr","locations":[{"start":{"line":13,"column":25},"end":{"line":13,"column":50}},{"start":{"line":13,"column":53},"end":{"line":13,"column":55}}],"line":13},"2":{"loc":{"start":{"line":30,"column":4},"end":{"line":34,"column":5}},"type":"if","locations":[{"start":{"line":30,"column":4},"end":{"line":34,"column":5}},{"start":{},"end":{}}],"line":30},"3":{"loc":{"start":{"line":38,"column":2},"end":{"line":38,"column":25}},"type":"if","locations":[{"start":{"line":38,"column":2},"end":{"line":38,"column":25}},{"start":{},"end":{}}],"line":38},"4":{"loc":{"start":{"line":43,"column":22},"end":{"line":43,"column":59}},"type":"cond-expr","locations":[{"start":{"line":43,"column":32},"end":{"line":43,"column":45}},{"start":{"line":43,"column":48},"end":{"line":43,"column":59}}],"line":43},"5":{"loc":{"start":{"line":71,"column":21},"end":{"line":71,"column":84}},"type":"cond-expr","locations":[{"start":{"line":71,"column":69},"end":{"line":71,"column":71}},{"start":{"line":71,"column":74},"end":{"line":71,"column":84}}],"line":71},"6":{"loc":{"start":{"line":71,"column":21},"end":{"line":71,"column":66}},"type":"binary-expr","locations":[{"start":{"line":71,"column":21},"end":{"line":71,"column":38}},{"start":{"line":71,"column":42},"end":{"line":71,"column":66}}],"line":71},"7":{"loc":{"start":{"line":76,"column":43},"end":{"line":76,"column":70}},"type":"cond-expr","locations":[{"start":{"line":76,"column":59},"end":{"line":76,"column":61}},{"start":{"line":76,"column":64},"end":{"line":76,"column":70}}],"line":76},"8":{"loc":{"start":{"line":101,"column":13},"end":{"line":103,"column":13}},"type":"binary-expr","locations":[{"start":{"line":101,"column":13},"end":{"line":101,"column":23}},{"start":{"line":102,"column":14},"end":{"line":102,"column":92}}],"line":101},"9":{"loc":{"start":{"line":118,"column":15},"end":{"line":118,"column":51}},"type":"cond-expr","locations":[{"start":{"line":118,"column":27},"end":{"line":118,"column":40}},{"start":{"line":118,"column":43},"end":{"line":118,"column":51}}],"line":118}},"s":{"0":0,"1":0,"2":0,"3":0,"4":0,"5":0,"6":0,"7":0,"8":0,"9":0,"10":0,"11":0,"12":0,"13":0,"14":0,"15":0,"16":0,"17":0,"18":0,"19":0,"20":0,"21":0,"22":0,"23":0,"24":0,"25":0,"26":0,"27":0,"28":0,"29":0,"30":0,"31":0,"32":0,"33":0},"f":{"0":0,"1":0,"2":0,"3":0,"4":0,"5":0,"6":0,"7":0,"8":0,"9":0},"b":{"0":[0,0],"1":[0,0],"2":[0,0],"3":[0,0],"4":[0,0],"5":[0,0],"6":[0,0],"7":[0,0],"8":[0,0],"9":[0,0]},"_coverageSchema":"1a1c01bbd47fc00a2c39e90264f33305004495a9","hash":"cbb358de0407fc324d3e507c8670ad8f3ec0d02a"}
,"/Users/pedroaugustocarvalho/Documents/PWA para cálculo e pagamento de comandas/src/components/PaymentManagement.jsx": {"path":"/Users/pedroaugustocarvalho/Documents/PWA para cálculo e pagamento de comandas/src/components/PaymentManagement.jsx","statementMap":{"0":{"start":{"line":15,"column":23},"end":{"line":21,"column":1}},"1":{"start":{"line":24,"column":20},"end":{"line":29,"column":1}},"2":{"start":{"line":25,"column":2},"end":{"line":28,"column":19}},"3":{"start":{"line":35,"column":26},"end":{"line":262,"column":1}},"4":{"start":{"line":36,"column":34},"end":{"line":36,"column":46}},"5":{"start":{"line":37,"column":30},"end":{"line":37,"column":45}},"6":{"start":{"line":39,"column":2},"end":{"line":74,"column":9}},"7":{"start":{"line":41,"column":25},"end":{"line":72,"column":5}},"8":{"start":{"line":73,"column":4},"end":{"line":73,"column":30}},"9":{"start":{"line":76,"column":27},"end":{"line":78,"column":59}},"10":{"start":{"line":78,"column":33},"end":{"line":78,"column":58}},"11":{"start":{"line":80,"column":25},"end":{"line":91,"column":3}},"12":{"start":{"line":81,"column":4},"end":{"line":90,"column":5}},"13":{"start":{"line":83,"column":8},"end":{"line":83,"column":45}},"14":{"start":{"line":85,"column":8},"end":{"line":85,"column":47}},"15":{"start":{"line":87,"column":8},"end":{"line":87,"column":41}},"16":{"start":{"line":89,"column":8},"end":{"line":89,"column":43}},"17":{"start":{"line":93,"column":24},"end":{"line":104,"column":3}},"18":{"start":{"line":94,"column":4},"end":{"line":103,"column":5}},"19":{"start":{"line":96,"column":8},"end":{"line":96,"column":51}},"20":{"start":{"line":98,"column":8},"end":{"line":98,"column":45}},"21":{"start":{"line":100,"column":8},"end":{"line":100,"column":51}},"22":{"start":{"line":102,"column":8},"end":{"line":102,"column":45}},"23":{"start":{"line":106,"column":31},"end":{"line":112,"column":3}},"24":{"start":{"line":107,"column":4},"end":{"line":111,"column":7}},"25":{"start":{"line":108,"column":6},"end":{"line":110,"column":17}},"26":{"start":{"line":114,"column":30},"end":{"line":120,"column":3}},"27":{"start":{"line":115,"column":4},"end":{"line":119,"column":7}},"28":{"start":{"line":116,"column":6},"end":{"line":118,"column":17}},"29":{"start":{"line":122,"column":2},"end":{"line":261,"column":4}},"30":{"start":{"line":129,"column":29},"end":{"line":129,"column":54}},"31":{"start":{"line":158,"column":36},"end":{"line":158,"column":61}},"32":{"start":{"line":169,"column":36},"end":{"line":169,"column":59}},"33":{"start":{"line":180,"column":55},"end":{"line":180,"column":68}},"34":{"start":{"line":194,"column":14},"end":{"line":249,"column":21}},"35":{"start":{"line":228,"column":41},"end":{"line":228,"column":73}},"36":{"start":{"line":235,"column":41},"end":{"line":235,"column":72}}},"fnMap":{"0":{"name":"(anonymous_0)","decl":{"start":{"line":24,"column":20},"end":{"line":24,"column":21}},"loc":{"start":{"line":24,"column":31},"end":{"line":29,"column":1}},"line":24},"1":{"name":"(anonymous_1)","decl":{"start":{"line":35,"column":26},"end":{"line":35,"column":27}},"loc":{"start":{"line":35,"column":32},"end":{"line":262,"column":1}},"line":35},"2":{"name":"(anonymous_2)","decl":{"start":{"line":39,"column":12},"end":{"line":39,"column":13}},"loc":{"start":{"line":39,"column":18},"end":{"line":74,"column":3}},"line":39},"3":{"name":"(anonymous_3)","decl":{"start":{"line":78,"column":22},"end":{"line":78,"column":23}},"loc":{"start":{"line":78,"column":33},"end":{"line":78,"column":58}},"line":78},"4":{"name":"(anonymous_4)","decl":{"start":{"line":80,"column":25},"end":{"line":80,"column":26}},"loc":{"start":{"line":80,"column":37},"end":{"line":91,"column":3}},"line":80},"5":{"name":"(anonymous_5)","decl":{"start":{"line":93,"column":24},"end":{"line":93,"column":25}},"loc":{"start":{"line":93,"column":36},"end":{"line":104,"column":3}},"line":93},"6":{"name":"(anonymous_6)","decl":{"start":{"line":106,"column":31},"end":{"line":106,"column":32}},"loc":{"start":{"line":106,"column":46},"end":{"line":112,"column":3}},"line":106},"7":{"name":"(anonymous_7)","decl":{"start":{"line":107,"column":29},"end":{"line":107,"column":30}},"loc":{"start":{"line":108,"column":6},"end":{"line":110,"column":17}},"line":108},"8":{"name":"(anonymous_8)","decl":{"start":{"line":114,"column":30},"end":{"line":114,"column":31}},"loc":{"start":{"line":114,"column":45},"end":{"line":120,"column":3}},"line":114},"9":{"name":"(anonymous_9)","decl":{"start":{"line":115,"column":29},"end":{"line":115,"column":30}},"loc":{"start":{"line":116,"column":6},"end":{"line":118,"column":17}},"line":116},"10":{"name":"(anonymous_10)","decl":{"start":{"line":129,"column":22},"end":{"line":129,"column":23}},"loc":{"start":{"line":129,"column":29},"end":{"line":129,"column":54}},"line":129},"11":{"name":"(anonymous_11)","decl":{"start":{"line":158,"column":31},"end":{"line":158,"column":32}},"loc":{"start":{"line":158,"column":36},"end":{"line":158,"column":61}},"line":158},"12":{"name":"(anonymous_12)","decl":{"start":{"line":169,"column":31},"end":{"line":169,"column":32}},"loc":{"start":{"line":169,"column":36},"end":{"line":169,"column":59}},"line":169},"13":{"name":"(anonymous_13)","decl":{"start":{"line":180,"column":43},"end":{"line":180,"column":44}},"loc":{"start":{"line":180,"column":55},"end":{"line":180,"column":68}},"line":180},"14":{"name":"(anonymous_14)","decl":{"start":{"line":193,"column":34},"end":{"line":193,"column":35}},"loc":{"start":{"line":194,"column":14},"end":{"line":249,"column":21}},"line":194},"15":{"name":"(anonymous_15)","decl":{"start":{"line":228,"column":35},"end":{"line":228,"column":36}},"loc":{"start":{"line":228,"column":41},"end":{"line":228,"column":73}},"line":228},"16":{"name":"(anonymous_16)","decl":{"start":{"line":235,"column":35},"end":{"line":235,"column":36}},"loc":{"start":{"line":235,"column":41},"end":{"line":235,"column":72}},"line":235}},"branchMap":{"0":{"loc":{"start":{"line":76,"column":27},"end":{"line":78,"column":59}},"type":"cond-expr","locations":[{"start":{"line":77,"column":6},"end":{"line":77,"column":14}},{"start":{"line":78,"column":6},"end":{"line":78,"column":59}}],"line":76},"1":{"loc":{"start":{"line":81,"column":4},"end":{"line":90,"column":5}},"type":"switch","locations":[{"start":{"line":82,"column":6},"end":{"line":83,"column":45}},{"start":{"line":84,"column":6},"end":{"line":85,"column":47}},{"start":{"line":86,"column":6},"end":{"line":87,"column":41}},{"start":{"line":88,"column":6},"end":{"line":89,"column":43}}],"line":81},"2":{"loc":{"start":{"line":94,"column":4},"end":{"line":103,"column":5}},"type":"switch","locations":[{"start":{"line":95,"column":6},"end":{"line":96,"column":51}},{"start":{"line":97,"column":6},"end":{"line":98,"column":45}},{"start":{"line":99,"column":6},"end":{"line":100,"column":51}},{"start":{"line":101,"column":6},"end":{"line":102,"column":45}}],"line":94},"3":{"loc":{"start":{"line":108,"column":6},"end":{"line":110,"column":17}},"type":"cond-expr","locations":[{"start":{"line":109,"column":10},"end":{"line":109,"column":46}},{"start":{"line":110,"column":10},"end":{"line":110,"column":17}}],"line":108},"4":{"loc":{"start":{"line":116,"column":6},"end":{"line":118,"column":17}},"type":"cond-expr","locations":[{"start":{"line":117,"column":10},"end":{"line":117,"column":45}},{"start":{"line":118,"column":10},"end":{"line":118,"column":17}}],"line":116},"5":{"loc":{"start":{"line":224,"column":21},"end":{"line":240,"column":21}},"type":"binary-expr","locations":[{"start":{"line":224,"column":21},"end":{"line":224,"column":50}},{"start":{"line":225,"column":22},"end":{"line":239,"column":25}}],"line":224},"6":{"loc":{"start":{"line":241,"column":21},"end":{"line":246,"column":21}},"type":"binary-expr","locations":[{"start":{"line":241,"column":21},"end":{"line":241,"column":58}},{"start":{"line":242,"column":22},"end":{"line":245,"column":31}}],"line":241},"7":{"loc":{"start":{"line":251,"column":13},"end":{"line":256,"column":13}},"type":"binary-expr","locations":[{"start":{"line":251,"column":13},"end":{"line":251,"column":42}},{"start":{"line":252,"column":14},"end":{"line":255,"column":20}}],"line":251}},"s":{"0":0,"1":0,"2":0,"3":0,"4":0,"5":0,"6":0,"7":0,"8":0,"9":0,"10":0,"11":0,"12":0,"13":0,"14":0,"15":0,"16":0,"17":0,"18":0,"19":0,"20":0,"21":0,"22":0,"23":0,"24":0,"25":0,"26":0,"27":0,"28":0,"29":0,"30":0,"31":0,"32":0,"33":0,"34":0,"35":0,"36":0},"f":{"0":0,"1":0,"2":0,"3":0,"4":0,"5":0,"6":0,"7":0,"8":0,"9":0,"10":0,"11":0,"12":0,"13":0,"14":0,"15":0,"16":0},"b":{"0":[0,0],"1":[0,0,0,0],"2":[0,0,0,0],"3":[0,0],"4":[0,0],"5":[0,0],"6":[0,0],"7":[0,0]}}
,"/Users/pedroaugustocarvalho/Documents/PWA para cálculo e pagamento de comandas/src/components/Sidebar.jsx": {"path":"/Users/pedroaugustocarvalho/Documents/PWA para cálculo e pagamento de comandas/src/components/Sidebar.jsx","statementMap":{"0":{"start":{"line":16,"column":19},"end":{"line":52,"column":1}},"1":{"start":{"line":58,"column":16},"end":{"line":101,"column":1}},"2":{"start":{"line":59,"column":2},"end":{"line":100,"column":4}},"3":{"start":{"line":72,"column":12},"end":{"line":87,"column":17}},"4":{"start":{"line":76,"column":18},"end":{"line":81,"column":19}}},"fnMap":{"0":{"name":"(anonymous_0)","decl":{"start":{"line":58,"column":16},"end":{"line":58,"column":17}},"loc":{"start":{"line":58,"column":22},"end":{"line":101,"column":1}},"line":58},"1":{"name":"(anonymous_1)","decl":{"start":{"line":71,"column":26},"end":{"line":71,"column":27}},"loc":{"start":{"line":72,"column":12},"end":{"line":87,"column":17}},"line":72},"2":{"name":"(anonymous_2)","decl":{"start":{"line":75,"column":27},"end":{"line":75,"column":28}},"loc":{"start":{"line":76,"column":18},"end":{"line":81,"column":19}},"line":76}},"branchMap":{"0":{"loc":{"start":{"line":78,"column":20},"end":{"line":80,"column":110}},"type":"cond-expr","locations":[{"start":{"line":79,"column":24},"end":{"line":79,"column":74}},{"start":{"line":80,"column":24},"end":{"line":80,"column":110}}],"line":78}},"s":{"0":1,"1":1,"2":1,"3":7,"4":7},"f":{"0":1,"1":7,"2":7},"b":{"0":[1,6]},"_coverageSchema":"1a1c01bbd47fc00a2c39e90264f33305004495a9","hash":"ded0260bf3417f04f128ec42b09c85f85e4f80e5"}
,"/Users/pedroaugustocarvalho/Documents/PWA para cálculo e pagamento de comandas/src/components/Layout/Layout.jsx": {"path":"/Users/pedroaugustocarvalho/Documents/PWA para cálculo e pagamento de comandas/src/components/Layout/Layout.jsx","statementMap":{"0":{"start":{"line":7,"column":15},"end":{"line":39,"column":1}},"1":{"start":{"line":8,"column":40},"end":{"line":8,"column":55}},"2":{"start":{"line":10,"column":2},"end":{"line":38,"column":4}},"3":{"start":{"line":24,"column":25},"end":{"line":24,"column":46}},"4":{"start":{"line":30,"column":35},"end":{"line":30,"column":63}}},"fnMap":{"0":{"name":"(anonymous_0)","decl":{"start":{"line":7,"column":15},"end":{"line":7,"column":16}},"loc":{"start":{"line":7,"column":21},"end":{"line":39,"column":1}},"line":7},"1":{"name":"(anonymous_1)","decl":{"start":{"line":24,"column":19},"end":{"line":24,"column":20}},"loc":{"start":{"line":24,"column":25},"end":{"line":24,"column":46}},"line":24},"2":{"name":"(anonymous_2)","decl":{"start":{"line":30,"column":29},"end":{"line":30,"column":30}},"loc":{"start":{"line":30,"column":35},"end":{"line":30,"column":63}},"line":30}},"branchMap":{"0":{"loc":{"start":{"line":15,"column":8},"end":{"line":15,"column":59}},"type":"cond-expr","locations":[{"start":{"line":15,"column":22},"end":{"line":15,"column":37}},{"start":{"line":15,"column":40},"end":{"line":15,"column":59}}],"line":15},"1":{"loc":{"start":{"line":21,"column":7},"end":{"line":26,"column":7}},"type":"binary-expr","locations":[{"start":{"line":21,"column":7},"end":{"line":21,"column":18}},{"start":{"line":22,"column":8},"end":{"line":25,"column":10}}],"line":21}},"s":{"0":0,"1":0,"2":0,"3":0,"4":0},"f":{"0":0,"1":0,"2":0},"b":{"0":[0,0],"1":[0,0]}}
,"/Users/pedroaugustocarvalho/Documents/PWA para cálculo e pagamento de comandas/src/components/ui/Notification.jsx": {"path":"/Users/pedroaugustocarvalho/Documents/PWA para cálculo e pagamento de comandas/src/components/ui/Notification.jsx","statementMap":{"0":{"start":{"line":9,"column":16},"end":{"line":9,"column":101}},"1":{"start":{"line":10,"column":2},"end":{"line":14,"column":4}}},"fnMap":{"0":{"name":"Notification","decl":{"start":{"line":8,"column":16},"end":{"line":8,"column":28}},"loc":{"start":{"line":8,"column":57},"end":{"line":15,"column":1}},"line":8}},"branchMap":{"0":{"loc":{"start":{"line":8,"column":40},"end":{"line":8,"column":53}},"type":"default-arg","locations":[{"start":{"line":8,"column":47},"end":{"line":8,"column":53}}],"line":8},"1":{"loc":{"start":{"line":9,"column":16},"end":{"line":9,"column":101}},"type":"cond-expr","locations":[{"start":{"line":9,"column":37},"end":{"line":9,"column":51}},{"start":{"line":9,"column":54},"end":{"line":9,"column":101}}],"line":9},"2":{"loc":{"start":{"line":9,"column":54},"end":{"line":9,"column":101}},"type":"cond-expr","locations":[{"start":{"line":9,"column":73},"end":{"line":9,"column":85}},{"start":{"line":9,"column":88},"end":{"line":9,"column":101}}],"line":9}},"s":{"0":2,"1":2},"f":{"0":2},"b":{"0":[0],"1":[1,1],"2":[1,0]},"_coverageSchema":"1a1c01bbd47fc00a2c39e90264f33305004495a9","hash":"0ee7331b029edf0cc48d398e8caaf98f537c8183"}
,"/Users/pedroaugustocarvalho/Documents/PWA para cálculo e pagamento de comandas/src/components/ui/badge.jsx": {"path":"/Users/pedroaugustocarvalho/Documents/PWA para cálculo e pagamento de comandas/src/components/ui/badge.jsx","statementMap":{"0":{"start":{"line":9,"column":14},"end":{"line":28,"column":2}},"1":{"start":{"line":10,"column":19},"end":{"line":15,"column":3}},"2":{"start":{"line":17,"column":2},"end":{"line":27,"column":4}},"3":{"start":{"line":29,"column":0},"end":{"line":29,"column":28}}},"fnMap":{"0":{"name":"(anonymous_0)","decl":{"start":{"line":9,"column":31},"end":{"line":9,"column":32}},"loc":{"start":{"line":9,"column":86},"end":{"line":28,"column":1}},"line":9}},"branchMap":{"0":{"loc":{"start":{"line":9,"column":45},"end":{"line":9,"column":64}},"type":"default-arg","locations":[{"start":{"line":9,"column":55},"end":{"line":9,"column":64}}],"line":9}},"s":{"0":5,"1":8,"2":8,"3":5},"f":{"0":8},"b":{"0":[5]},"_coverageSchema":"1a1c01bbd47fc00a2c39e90264f33305004495a9","hash":"0d6cae597a3d6db8aee92039f782d4c97ec50ebb"}
,"/Users/pedroaugustocarvalho/Documents/PWA para cálculo e pagamento de comandas/src/components/ui/button.jsx": {"path":"/Users/pedroaugustocarvalho/Documents/PWA para cálculo e pagamento de comandas/src/components/ui/button.jsx","statementMap":{"0":{"start":{"line":11,"column":15},"end":{"line":50,"column":2}},"1":{"start":{"line":18,"column":22},"end":{"line":18,"column":284}},"2":{"start":{"line":20,"column":19},"end":{"line":27,"column":3}},"3":{"start":{"line":29,"column":16},"end":{"line":34,"column":3}},"4":{"start":{"line":36,"column":2},"end":{"line":49,"column":4}},"5":{"start":{"line":52,"column":0},"end":{"line":52,"column":30}}},"fnMap":{"0":{"name":"(anonymous_0)","decl":{"start":{"line":11,"column":32},"end":{"line":11,"column":33}},"loc":{"start":{"line":17,"column":11},"end":{"line":50,"column":1}},"line":17}},"branchMap":{"0":{"loc":{"start":{"line":13,"column":2},"end":{"line":13,"column":21}},"type":"default-arg","locations":[{"start":{"line":13,"column":12},"end":{"line":13,"column":21}}],"line":13},"1":{"loc":{"start":{"line":14,"column":2},"end":{"line":14,"column":18}},"type":"default-arg","locations":[{"start":{"line":14,"column":9},"end":{"line":14,"column":18}}],"line":14}},"s":{"0":6,"1":22,"2":22,"3":22,"4":22,"5":6},"f":{"0":22},"b":{"0":[6],"1":[8]},"_coverageSchema":"1a1c01bbd47fc00a2c39e90264f33305004495a9","hash":"a881eb16f822ca70609d488a1b4c311bf2ddfd83"}
,"/Users/pedroaugustocarvalho/Documents/PWA para cálculo e pagamento de comandas/src/components/ui/card.jsx": {"path":"/Users/pedroaugustocarvalho/Documents/PWA para cálculo e pagamento de comandas/src/components/ui/card.jsx","statementMap":{"0":{"start":{"line":8,"column":13},"end":{"line":17,"column":2}},"1":{"start":{"line":9,"column":2},"end":{"line":16,"column":4}},"2":{"start":{"line":18,"column":0},"end":{"line":18,"column":26}},"3":{"start":{"line":20,"column":19},"end":{"line":26,"column":2}},"4":{"start":{"line":21,"column":2},"end":{"line":25,"column":4}},"5":{"start":{"line":27,"column":0},"end":{"line":27,"column":38}},"6":{"start":{"line":29,"column":18},"end":{"line":38,"column":2}},"7":{"start":{"line":30,"column":2},"end":{"line":37,"column":4}},"8":{"start":{"line":39,"column":0},"end":{"line":39,"column":36}},"9":{"start":{"line":41,"column":24},"end":{"line":47,"column":2}},"10":{"start":{"line":42,"column":2},"end":{"line":46,"column":4}},"11":{"start":{"line":48,"column":0},"end":{"line":48,"column":48}},"12":{"start":{"line":50,"column":20},"end":{"line":52,"column":2}},"13":{"start":{"line":51,"column":2},"end":{"line":51,"column":68}},"14":{"start":{"line":53,"column":0},"end":{"line":53,"column":40}},"15":{"start":{"line":55,"column":19},"end":{"line":61,"column":2}},"16":{"start":{"line":56,"column":2},"end":{"line":60,"column":4}},"17":{"start":{"line":62,"column":0},"end":{"line":62,"column":38}}},"fnMap":{"0":{"name":"(anonymous_0)","decl":{"start":{"line":8,"column":30},"end":{"line":8,"column":31}},"loc":{"start":{"line":9,"column":2},"end":{"line":16,"column":4}},"line":9},"1":{"name":"(anonymous_1)","decl":{"start":{"line":20,"column":36},"end":{"line":20,"column":37}},"loc":{"start":{"line":21,"column":2},"end":{"line":25,"column":4}},"line":21},"2":{"name":"(anonymous_2)","decl":{"start":{"line":29,"column":35},"end":{"line":29,"column":36}},"loc":{"start":{"line":30,"column":2},"end":{"line":37,"column":4}},"line":30},"3":{"name":"(anonymous_3)","decl":{"start":{"line":41,"column":41},"end":{"line":41,"column":42}},"loc":{"start":{"line":42,"column":2},"end":{"line":46,"column":4}},"line":42},"4":{"name":"(anonymous_4)","decl":{"start":{"line":50,"column":37},"end":{"line":50,"column":38}},"loc":{"start":{"line":51,"column":2},"end":{"line":51,"column":68}},"line":51},"5":{"name":"(anonymous_5)","decl":{"start":{"line":55,"column":36},"end":{"line":55,"column":37}},"loc":{"start":{"line":56,"column":2},"end":{"line":60,"column":4}},"line":56}},"branchMap":{},"s":{"0":4,"1":28,"2":4,"3":4,"4":26,"5":4,"6":4,"7":26,"8":4,"9":4,"10":0,"11":4,"12":4,"13":26,"14":4,"15":4,"16":0,"17":4},"f":{"0":28,"1":26,"2":26,"3":0,"4":26,"5":0},"b":{},"_coverageSchema":"1a1c01bbd47fc00a2c39e90264f33305004495a9","hash":"dfeeb62892976720d5d17ae27e262c8003b418a2"}
,"/Users/pedroaugustocarvalho/Documents/PWA para cálculo e pagamento de comandas/src/components/ui/input.jsx": {"path":"/Users/pedroaugustocarvalho/Documents/PWA para cálculo e pagamento de comandas/src/components/ui/input.jsx","statementMap":{"0":{"start":{"line":9,"column":14},"end":{"line":21,"column":2}},"1":{"start":{"line":10,"column":2},"end":{"line":20,"column":4}},"2":{"start":{"line":22,"column":0},"end":{"line":22,"column":28}}},"fnMap":{"0":{"name":"(anonymous_0)","decl":{"start":{"line":9,"column":31},"end":{"line":9,"column":32}},"loc":{"start":{"line":9,"column":71},"end":{"line":21,"column":1}},"line":9}},"branchMap":{},"s":{"0":0,"1":0,"2":0},"f":{"0":0},"b":{}}
[...]
:[{"start":{"line":41,"column":2},"end":{"line":41,"column":91}},{"start":{},"end":{}}],"line":41},"3":{"loc":{"start":{"line":60,"column":8},"end":{"line":68,"column":9}},"type":"if","locations":[{"start":{"line":60,"column":8},"end":{"line":68,"column":9}},{"start":{"line":65,"column":15},"end":{"line":68,"column":9}}],"line":60},"4":{"loc":{"start":{"line":74,"column":41},"end":{"line":74,"column":86}},"type":"cond-expr","locations":[{"start":{"line":74,"column":76},"end":{"line":74,"column":82}},{"start":{"line":74,"column":85},"end":{"line":74,"column":86}}],"line":74},"5":{"loc":{"start":{"line":80,"column":8},"end":{"line":80,"column":74}},"type":"cond-expr","locations":[{"start":{"line":80,"column":46},"end":{"line":80,"column":70}},{"start":{"line":80,"column":73},"end":{"line":80,"column":74}}],"line":80},"6":{"loc":{"start":{"line":96,"column":4},"end":{"line":99,"column":5}},"type":"if","locations":[{"start":{"line":96,"column":4},"end":{"line":99,"column":5}},{"start":{},"end":{}}],"line":96},"7":{"loc":{"start":{"line":104,"column":37},"end":{"line":104,"column":85}},"type":"cond-expr","locations":[{"start":{"line":104,"column":65},"end":{"line":104,"column":81}},{"start":{"line":104,"column":84},"end":{"line":104,"column":85}}],"line":104},"8":{"loc":{"start":{"line":111,"column":28},"end":{"line":111,"column":111}},"type":"cond-expr","locations":[{"start":{"line":111,"column":55},"end":{"line":111,"column":62}},{"start":{"line":111,"column":65},"end":{"line":111,"column":111}}],"line":111},"9":{"loc":{"start":{"line":115,"column":8},"end":{"line":117,"column":67}},"type":"binary-expr","locations":[{"start":{"line":115,"column":8},"end":{"line":115,"column":43}},{"start":{"line":116,"column":9},"end":{"line":116,"column":24}},{"start":{"line":116,"column":28},"end":{"line":116,"column":72}},{"start":{"line":117,"column":9},"end":{"line":117,"column":24}},{"start":{"line":117,"column":28},"end":{"line":117,"column":66}}],"line":115},"10":{"loc":{"start":{"line":148,"column":7},"end":{"line":148,"column":95}},"type":"binary-expr","locations":[{"start":{"line":148,"column":7},"end":{"line":148,"column":19}},{"start":{"line":148,"column":23},"end":{"line":148,"column":95}}],"line":148},"11":{"loc":{"start":{"line":156,"column":35},"end":{"line":156,"column":62}},"type":"binary-expr","locations":[{"start":{"line":156,"column":35},"end":{"line":156,"column":55}},{"start":{"line":156,"column":59},"end":{"line":156,"column":62}}],"line":156},"12":{"loc":{"start":{"line":157,"column":38},"end":{"line":157,"column":65}},"type":"binary-expr","locations":[{"start":{"line":157,"column":38},"end":{"line":157,"column":58}},{"start":{"line":157,"column":62},"end":{"line":157,"column":65}}],"line":157},"13":{"loc":{"start":{"line":166,"column":89},"end":{"line":166,"column":214}},"type":"cond-expr","locations":[{"start":{"line":166,"column":113},"end":{"line":166,"column":153}},{"start":{"line":166,"column":156},"end":{"line":166,"column":214}}],"line":166},"14":{"loc":{"start":{"line":166,"column":218},"end":{"line":166,"column":276}},"type":"cond-expr","locations":[{"start":{"line":166,"column":247},"end":{"line":166,"column":271}},{"start":{"line":166,"column":274},"end":{"line":166,"column":276}}],"line":166},"15":{"loc":{"start":{"line":167,"column":30},"end":{"line":167,"column":81}},"type":"binary-expr","locations":[{"start":{"line":167,"column":30},"end":{"line":167,"column":51}},{"start":{"line":167,"column":55},"end":{"line":167,"column":81}}],"line":167},"16":{"loc":{"start":{"line":173,"column":15},"end":{"line":184,"column":15}},"type":"binary-expr","locations":[{"start":{"line":173,"column":15},"end":{"line":173,"column":27}},{"start":{"line":173,"column":31},"end":{"line":173,"column":54}},{"start":{"line":174,"column":16},"end":{"line":183,"column":22}}],"line":173},"17":{"loc":{"start":{"line":179,"column":62},"end":{"line":179,"column":107}},"type":"cond-expr","locations":[{"start":{"line":179,"column":80},"end":{"line":179,"column":102}},{"start":{"line":179,"column":105},"end":{"line":179,"column":107}}],"line":179}},"s":{"0":1,"1":1,"2":1,"3":1,"4":0,"5":0,"6":0,"7":0,"8":0,"9":1,"10":0,"11":0,"12":0,"13":0,"14":0,"15":0,"16":1,"17":0,"18":0,"19":0,"20":0,"21":0,"22":0,"23":0,"24":0,"25":0,"26":0,"27":0,"28":0,"29":0,"30":0,"31":0,"32":0,"33":0,"34":0,"35":0,"36":0,"37":0,"38":0,"39":0,"40":0,"41":0,"42":0,"43":0,"44":0,"45":0,"46":0,"47":0,"48":0,"49":0,"50":0,"51":0,"52":0,"53":0,"54":0,"55":0,"56":0,"57":0,"58":0,"59":0,"60":0,"61":0,"62":0,"63":0,"64":0,"65":0,"66":0,"67":0,"68":0,"69":0,"70":0,"71":0,"72":0,"73":0,"74":0,"75":0,"76":0,"77":0,"78":0,"79":0,"80":0},"f":{"0":0,"1":0,"2":0,"3":0,"4":0,"5":0,"6":0,"7":0,"8":0,"9":0,"10":0,"11":0,"12":0,"13":0,"14":0,"15":0,"16":0,"17":0,"18":0,"19":0,"20":0,"21":0,"22":0,"23":0,"24":0,"25":0,"26":0,"27":0,"28":0,"29":0,"30":0,"31":0,"32":0},"b":{"0":[0,0],"1":[0,0],"2":[0,0],"3":[0,0],"4":[0,0],"5":[0,0],"6":[0,0],"7":[0,0],"8":[0,0],"9":[0,0,0,0,0],"10":[0,0],"11":[0,0],"12":[0,0],"13":[0,0],"14":[0,0],"15":[0,0],"16":[0,0,0],"17":[0,0]},"_coverageSchema":"1a1c01bbd47fc00a2c39e90264f33305004495a9","hash":"15c784e8a124b0a1bd1cdfed2bed5e0ddf279f1c"}
,"/Users/pedroaugustocarvalho/Documents/PWA para cálculo e pagamento de comandas/src/pages/backoffice/Payments.jsx": {"path":"/Users/pedroaugustocarvalho/Documents/PWA para cálculo e pagamento de comandas/src/pages/backoffice/Payments.jsx","statementMap":{"0":{"start":{"line":5,"column":26},"end":{"line":5,"column":56}},"1":{"start":{"line":10,"column":27},"end":{"line":53,"column":1}},"2":{"start":{"line":11,"column":38},"end":{"line":11,"column":50}},"3":{"start":{"line":12,"column":42},"end":{"line":12,"column":56}},"4":{"start":{"line":14,"column":2},"end":{"line":24,"column":9}},"5":{"start":{"line":15,"column":28},"end":{"line":19,"column":5}},"6":{"start":{"line":16,"column":6},"end":{"line":16,"column":52}},"7":{"start":{"line":16,"column":30},"end":{"line":16,"column":50}},"8":{"start":{"line":17,"column":6},"end":{"line":17,"column":108}},"9":{"start":{"line":18,"column":6},"end":{"line":18,"column":31}},"10":{"start":{"line":20,"column":4},"end":{"line":20,"column":53}},"11":{"start":{"line":21,"column":4},"end":{"line":23,"column":6}},"12":{"start":{"line":22,"column":6},"end":{"line":22,"column":56}},"13":{"start":{"line":26,"column":2},"end":{"line":31,"column":21}},"14":{"start":{"line":27,"column":4},"end":{"line":30,"column":5}},"15":{"start":{"line":28,"column":20},"end":{"line":28,"column":65}},"16":{"start":{"line":28,"column":37},"end":{"line":28,"column":58}},"17":{"start":{"line":29,"column":6},"end":{"line":29,"column":39}},"18":{"start":{"line":29,"column":19},"end":{"line":29,"column":38}},"19":{"start":{"line":33,"column":2},"end":{"line":52,"column":4}},"20":{"start":{"line":40,"column":10},"end":{"line":48,"column":15}}},"fnMap":{"0":{"name":"(anonymous_0)","decl":{"start":{"line":10,"column":27},"end":{"line":10,"column":28}},"loc":{"start":{"line":10,"column":33},"end":{"line":53,"column":1}},"line":10},"1":{"name":"(anonymous_1)","decl":{"start":{"line":14,"column":12},"end":{"line":14,"column":13}},"loc":{"start":{"line":14,"column":18},"end":{"line":24,"column":3}},"line":14},"2":{"name":"(anonymous_2)","decl":{"start":{"line":15,"column":28},"end":{"line":15,"column":29}},"loc":{"start":{"line":15,"column":43},"end":{"line":19,"column":5}},"line":15},"3":{"name":"(anonymous_3)","decl":{"start":{"line":16,"column":20},"end":{"line":16,"column":21}},"loc":{"start":{"line":16,"column":30},"end":{"line":16,"column":50}},"line":16},"4":{"name":"(anonymous_4)","decl":{"start":{"line":21,"column":11},"end":{"line":21,"column":12}},"loc":{"start":{"line":21,"column":17},"end":{"line":23,"column":5}},"line":21},"5":{"name":"(anonymous_5)","decl":{"start":{"line":26,"column":12},"end":{"line":26,"column":13}},"loc":{"start":{"line":26,"column":18},"end":{"line":31,"column":3}},"line":26},"6":{"name":"(anonymous_6)","decl":{"start":{"line":28,"column":31},"end":{"line":28,"column":32}},"loc":{"start":{"line":28,"column":37},"end":{"line":28,"column":58}},"line":28},"7":{"name":"(anonymous_7)","decl":{"start":{"line":29,"column":13},"end":{"line":29,"column":14}},"loc":{"start":{"line":29,"column":19},"end":{"line":29,"column":38}},"line":29},"8":{"name":"(anonymous_8)","decl":{"start":{"line":39,"column":24},"end":{"line":39,"column":25}},"loc":{"start":{"line":40,"column":10},"end":{"line":48,"column":15}},"line":40}},"branchMap":{"0":{"loc":{"start":{"line":27,"column":4},"end":{"line":30,"column":5}},"type":"if","locations":[{"start":{"line":27,"column":4},"end":{"line":30,"column":5}},{"start":{},"end":{}}],"line":27},"1":{"loc":{"start":{"line":37,"column":7},"end":{"line":37,"column":95}},"type":"binary-expr","locations":[{"start":{"line":37,"column":7},"end":{"line":37,"column":19}},{"start":{"line":37,"column":23},"end":{"line":37,"column":95}}],"line":37},"2":{"loc":{"start":{"line":40,"column":19},"end":{"line":40,"column":48}},"type":"binary-expr","locations":[{"start":{"line":40,"column":19},"end":{"line":40,"column":41}},{"start":{"line":40,"column":45},"end":{"line":40,"column":48}}],"line":40},"3":{"loc":{"start":{"line":46,"column":35},"end":{"line":46,"column":68}},"type":"binary-expr","locations":[{"start":{"line":46,"column":35},"end":{"line":46,"column":59}},{"start":{"line":46,"column":63},"end":{"line":46,"column":68}}],"line":46}},"s":{"0":1,"1":1,"2":0,"3":0,"4":0,"5":0,"6":0,"7":0,"8":0,"9":0,"10":0,"11":0,"12":0,"13":0,"14":0,"15":0,"16":0,"17":0,"18":0,"19":0,"20":0},"f":{"0":0,"1":0,"2":0,"3":0,"4":0,"5":0,"6":0,"7":0,"8":0},"b":{"0":[0,0],"1":[0,0],"2":[0,0],"3":[0,0]},"_coverageSchema":"1a1c01bbd47fc00a2c39e90264f33305004495a9","hash":"85f2c2f9e0d8cfb7ca6c1fdf145e35e3f9435fbb"}
,"/Users/pedroaugustocarvalho/Documents/PWA para cálculo e pagamento de comandas/src/pages/backoffice/Reports.jsx": {"path":"/Users/pedroaugustocarvalho/Documents/PWA para cálculo e pagamento de comandas/src/pages/backoffice/Reports.jsx","statementMap":{"0":{"start":{"line":6,"column":26},"end":{"line":13,"column":1}},"1":{"start":{"line":7,"column":2},"end":{"line":12,"column":4}}},"fnMap":{"0":{"name":"(anonymous_0)","decl":{"start":{"line":6,"column":26},"end":{"line":6,"column":27}},"loc":{"start":{"line":6,"column":32},"end":{"line":13,"column":1}},"line":6}},"branchMap":{},"s":{"0":1,"1":0},"f":{"0":0},"b":{},"_coverageSchema":"1a1c01bbd47fc00a2c39e90264f33305004495a9","hash":"a9f52d346348368a60f029fa3c1785df9467606b"}
,"/Users/pedroaugustocarvalho/Documents/PWA para cálculo e pagamento de comandas/src/pages/backoffice/Settings.jsx": {"path":"/Users/pedroaugustocarvalho/Documents/PWA para cálculo e pagamento de comandas/src/pages/backoffice/Settings.jsx","statementMap":{"0":{"start":{"line":6,"column":27},"end":{"line":13,"column":1}},"1":{"start":{"line":7,"column":2},"end":{"line":12,"column":4}}},"fnMap":{"0":{"name":"(anonymous_0)","decl":{"start":{"line":6,"column":27},"end":{"line":6,"column":28}},"loc":{"start":{"line":6,"column":33},"end":{"line":13,"column":1}},"line":6}},"branchMap":{},"s":{"0":1,"1":0},"f":{"0":0},"b":{},"_coverageSchema":"1a1c01bbd47fc00a2c39e90264f33305004495a9","hash":"f93b24cd6859a687378875f92f94056ace22b1cd"}
,"/Users/pedroaugustocarvalho/Documents/PWA para cálculo e pagamento de comandas/src/pages/backoffice/Tables.jsx": {"path":"/Users/pedroaugustocarvalho/Documents/PWA para cálculo e pagamento de comandas/src/pages/backoffice/Tables.jsx","statementMap":{"0":{"start":{"line":5,"column":20},"end":{"line":5,"column":50}},"1":{"start":{"line":10,"column":25},"end":{"line":113,"column":1}},"2":{"start":{"line":11,"column":28},"end":{"line":11,"column":40}},"3":{"start":{"line":12,"column":26},"end":{"line":12,"column":47}},"4":{"start":{"line":13,"column":30},"end":{"line":13,"column":44}},"5":{"start":{"line":14,"column":42},"end":{"line":14,"column":56}},"6":{"start":{"line":15,"column":32},"end":{"line":15,"column":47}},"7":{"start":{"line":17,"column":21},"end":{"line":27,"column":3}},"8":{"start":{"line":18,"column":4},"end":{"line":18,"column":21}},"9":{"start":{"line":19,"column":4},"end":{"line":26,"column":5}},"10":{"start":{"line":20,"column":19},"end":{"line":20,"column":38}},"11":{"start":{"line":21,"column":6},"end":{"line":21,"column":21}},"12":{"start":{"line":23,"column":6},"end":{"line":23,"column":61}},"13":{"start":{"line":25,"column":6},"end":{"line":25,"column":24}},"14":{"start":{"line":29,"column":2},"end":{"line":29,"column":41}},"15":{"start":{"line":29,"column":20},"end":{"line":29,"column":33}},"16":{"start":{"line":31,"column":23},"end":{"line":33,"column":3}},"17":{"start":{"line":32,"column":4},"end":{"line":32,"column":58}},"18":{"start":{"line":35,"column":23},"end":{"line":51,"column":3}},"19":{"start":{"line":36,"column":4},"end":{"line":36,"column":23}},"20":{"start":{"line":37,"column":4},"end":{"line":50,"column":5}},"21":{"start":{"line":38,"column":6},"end":{"line":44,"column":7}},"22":{"start":{"line":39,"column":8},"end":{"line":39,"column":39}},"23":{"start":{"line":40,"column":8},"end":{"line":40,"column":83}},"24":{"start":{"line":42,"column":8},"end":{"line":42,"column":30}},"25":{"start":{"line":43,"column":8},"end":{"line":43,"column":82}},"26":{"start":{"line":45,"column":6},"end":{"line":45,"column":27}},"27":{"start":{"line":46,"column":6},"end":{"line":46,"column":22}},"28":{"start":{"line":47,"column":6},"end":{"line":47,"column":19}},"29":{"start":{"line":49,"column":6},"end":{"line":49,"column":61}},"30":{"start":{"line":53,"column":21},"end":{"line":56,"column":3}},"31":{"start":{"line":54,"column":4},"end":{"line":54,"column":66}},"32":{"start":{"line":55,"column":4},"end":{"line":55,"column":28}},"33":{"start":{"line":58,"column":23},"end":{"line":67,"column":3}},"34":{"start":{"line":59,"column":4},"end":{"line":59,"column":77}},"35":{"start":{"line":59,"column":70},"end":{"line":59,"column":77}},"36":{"start":{"line":60,"column":4},"end":{"line":66,"column":5}},"37":{"start":{"line":61,"column":6},"end":{"line":61,"column":33}},"38":{"start":{"line":62,"column":6},"end":{"line":62,"column":70}},"39":{"start":{"line":63,"column":6},"end":{"line":63,"column":19}},"40":{"start":{"line":65,"column":6},"end":{"line":65,"column":61}},"41":{"start":{"line":69,"column":2},"end":{"line":74,"column":21}},"42":{"start":{"line":70,"column":4},"end":{"line":73,"column":5}},"43":{"start":{"line":71,"column":20},"end":{"line":71,"column":65}},"44":{"start":{"line":71,"column":37},"end":{"line":71,"column":58}},"45":{"start":{"line":72,"column":6},"end":{"line":72,"column":39}},"46":{"start":{"line":72,"column":19},"end":{"line":72,"column":38}},"47":{"start":{"line":76,"column":2},"end":{"line":112,"column":4}},"48":{"start":{"line":91,"column":51},"end":{"line":91,"column":72}},"49":{"start":{"line":91,"column":73},"end":{"line":91,"column":89}},"50":{"start":{"line":97,"column":10},"end":{"line":108,"column":15}},"51":{"start":{"line":105,"column":37},"end":{"line":105,"column":53}},"52":{"start":{"line":106,"column":37},"end":{"line":106,"column":63}}},"fnMap":{"0":{"name":"(anonymous_0)","decl":{"start":{"line":10,"column":25},"end":{"line":10,"column":26}},"loc":{"start":{"line":10,"column":31},"end":{"line":113,"column":1}},"line":10},"1":{"name":"(anonymous_1)","decl":{"start":{"line":17,"column":21},"end":{"line":17,"column":22}},"loc":{"start":{"line":17,"column":33},"end":{"line":27,"column":3}},"line":17},"2":{"name":"(anonymous_2)","decl":{"start":{"line":29,"column":12},"end":{"line":29,"column":13}},"loc":{"start":{"line":29,"column":18},"end":{"line":29,"column":35}},"line":29},"3":{"name":"(anonymous_3)","decl":{"start":{"line":31,"column":23},"end":{"line":31,"column":24}},"loc":{"start":{"line":31,"column":28},"end":{"line":33,"column":3}},"line":31},"4":{"name":"(anonymous_4)","decl":{"start":{"line":35,"column":23},"end":{"line":35,"column":24}},"loc":{"start":{"line":35,"column":34},"end":{"line":51,"column":3}},"line":35},"5":{"name":"(anonymous_5)","decl":{"start":{"line":53,"column":21},"end":{"line":53,"column":22}},"loc":{"start":{"line":53,"column":29},"end":{"line":56,"column":3}},"line":53},"6":{"name":"(anonymous_6)","decl":{"start":{"line":58,"column":23},"end":{"line":58,"column":24}},"loc":{"start":{"line":58,"column":40},"end":{"line":67,"column":3}},"line":58},"7":{"name":"(anonymous_7)","decl":{"start":{"line":69,"column":12},"end":{"line":69,"column":13}},"loc":{"start":{"line":69,"column":18},"end":{"line":74,"column":3}},"line":69},"8":{"name":"(anonymous_8)","decl":{"start":{"line":71,"column":31},"end":{"line":71,"column":32}},"loc":{"start":{"line":71,"column":37},"end":{"line":71,"column":58}},"line":71},"9":{"name":"(anonymous_9)","decl":{"start":{"line":72,"column":13},"end":{"line":72,"column":14}},"loc":{"start":{"line":72,"column":19},"end":{"line":72,"column":38}},"line":72},"10":{"name":"(anonymous_10)","decl":{"start":{"line":91,"column":43},"end":{"line":91,"column":44}},"loc":{"start":{"line":91,"column":49},"end":{"line":91,"column":91}},"line":91},"11":{"name":"(anonymous_11)","decl":{"start":{"line":96,"column":54},"end":{"line":96,"column":55}},"loc":{"start":{"line":97,"column":10},"end":{"line":108,"column":15}},"line":97},"12":{"name":"(anonymous_12)","decl":{"start":{"line":105,"column":31},"end":{"line":105,"column":32}},"loc":{"start":{"line":105,"column":37},"end":{"line":105,"column":53}},"line":105},"13":{"name":"(anonymous_13)","decl":{"start":{"line":106,"column":31},"end":{"line":106,"column":32}},"loc":{"start":{"line":106,"column":37},"end":{"line":106,"column":63}},"line":106}},"branchMap":{"0":{"loc":{"start":{"line":38,"column":6},"end":{"line":44,"column":7}},"type":"if","locations":[{"start":{"line":38,"column":6},"end":{"line":44,"column":7}},{"start":{"line":41,"column":13},"end":{"line":44,"column":7}}],"line":38},"1":{"loc":{"start":{"line":59,"column":4},"end":{"line":59,"column":77}},"type":"if","locations":[{"start":{"line":59,"column":4},"end":{"line":59,"column":77}},{"start":{},"end":{}}],"line":59},"2":{"loc":{"start":{"line":70,"column":4},"end":{"line":73,"column":5}},"type":"if","locations":[{"start":{"line":70,"column":4},"end":{"line":73,"column":5}},{"start":{},"end":{}}],"line":70},"3":{"loc":{"start":{"line":80,"column":7},"end":{"line":80,"column":95}},"type":"binary-expr","locations":[{"start":{"line":80,"column":7},"end":{"line":80,"column":19}},{"start":{"line":80,"column":23},"end":{"line":80,"column":95}}],"line":80},"4":{"loc":{"start":{"line":88,"column":13},"end":{"line":88,"column":56}},"type":"cond-expr","locations":[{"start":{"line":88,"column":22},"end":{"line":88,"column":37}},{"start":{"line":88,"column":40},"end":{"line":88,"column":56}}],"line":88},"5":{"loc":{"start":{"line":90,"column":11},"end":{"line":92,"column":11}},"type":"binary-expr","locations":[{"start":{"line":90,"column":11},"end":{"line":90,"column":17}},{"start":{"line":91,"column":12},"end":{"line":91,"column":152}}],"line":90},"6":{"loc":{"start":{"line":96,"column":9},"end":{"line":109,"column":10}},"type":"cond-expr","locations":[{"start":{"line":96,"column":19},"end":{"line":96,"column":41}},{"start":{"line":96,"column":44},"end":{"line":109,"column":10}}],"line":96}},"s":{"0":1,"1":1,"2":0,"3":0,"4":0,"5":0,"6":0,"7":0,"8":0,"9":0,"10":0,"11":0,"12":0,"13":0,"14":0,"15":0,"16":0,"17":0,"18":0,"19":0,"20":0,"21":0,"22":0,"23":0,"24":0,"25":0,"26":0,"27":0,"28":0,"29":0,"30":0,"31":0,"32":0,"33":0,"34":0,"35":0,"36":0,"37":0,"38":0,"39":0,"40":0,"41":0,"42":0,"43":0,"44":0,"45":0,"46":0,"47":0,"48":0,"49":0,"50":0,"51":0,"52":0},"f":{"0":0,"1":0,"2":0,"3":0,"4":0,"5":0,"6":0,"7":0,"8":0,"9":0,"10":0,"11":0,"12":0,"13":0},"b":{"0":[0,0],"1":[0,0],"2":[0,0],"3":[0,0],"4":[0,0],"5":[0,0],"6":[0,0]},"_coverageSchema":"1a1c01bbd47fc00a2c39e90264f33305004495a9","hash":"b6f8d715fd95b2d8663c4b48db6d880ae978c21a"}
}
