TN:
SF:src/App.jsx
FN:7,App
FN:17,(anonymous_1)
FN:18,(anonymous_2)
FN:35,(anonymous_3)
FN:41,(anonymous_4)
FN:56,(anonymous_5)
FN:79,(anonymous_6)
FN:80,(anonymous_7)
FN:83,(anonymous_8)
FN:94,(anonymous_9)
FN:95,(anonymous_10)
FN:99,(anonymous_11)
FN:103,(anonymous_12)
FN:112,(anonymous_13)
FN:117,(anonymous_14)
FN:127,(anonymous_15)
FN:151,(anonymous_16)
FN:158,(anonymous_17)
FN:181,(anonymous_18)
FN:205,(anonymous_19)
FN:214,(anonymous_20)
FN:289,TelaCliente
FN:296,(anonymous_22)
FN:297,(anonymous_23)
FN:312,(anonymous_24)
FN:319,(anonymous_25)
FN:337,(anonymous_26)
FN:357,(anonymous_27)
FN:361,(anonymous_28)
FN:393,TelaMenu
FN:408,(anonymous_30)
FN:416,(anonymous_31)
FN:437,(anonymous_32)
FN:465,(anonymous_33)
FN:475,(anonymous_34)
FN:482,(anonymous_35)
FN:515,TelaPedido
FN:537,(anonymous_37)
FN:576,TelaPagamento
FN:590,(anonymous_39)
FN:607,(anonymous_40)
FN:617,(anonymous_41)
FN:650,(anonymous_42)
FN:671,(anonymous_43)
FN:681,(anonymous_44)
FN:691,(anonymous_45)
FN:701,(anonymous_46)
FN:726,(anonymous_47)
FN:771,(anonymous_48)
FN:789,(anonymous_49)
FN:804,(anonymous_50)
FN:826,(anonymous_51)
FN:884,TelaFinalizado
FNF:53
FNH:0
FNDA:0,App
FNDA:0,(anonymous_1)
FNDA:0,(anonymous_2)
FNDA:0,(anonymous_3)
FNDA:0,(anonymous_4)
FNDA:0,(anonymous_5)
FNDA:0,(anonymous_6)
FNDA:0,(anonymous_7)
FNDA:0,(anonymous_8)
FNDA:0,(anonymous_9)
FNDA:0,(anonymous_10)
FNDA:0,(anonymous_11)
FNDA:0,(anonymous_12)
FNDA:0,(anonymous_13)
FNDA:0,(anonymous_14)
FNDA:0,(anonymous_15)
FNDA:0,(anonymous_16)
FNDA:0,(anonymous_17)
FNDA:0,(anonymous_18)
FNDA:0,(anonymous_19)
FNDA:0,(anonymous_20)
FNDA:0,TelaCliente
FNDA:0,(anonymous_22)
FNDA:0,(anonymous_23)
FNDA:0,(anonymous_24)
FNDA:0,(anonymous_25)
FNDA:0,(anonymous_26)
FNDA:0,(anonymous_27)
FNDA:0,(anonymous_28)
FNDA:0,TelaMenu
FNDA:0,(anonymous_30)
FNDA:0,(anonymous_31)
FNDA:0,(anonymous_32)
FNDA:0,(anonymous_33)
FNDA:0,(anonymous_34)
FNDA:0,(anonymous_35)
FNDA:0,TelaPedido
FNDA:0,(anonymous_37)
FNDA:0,TelaPagamento
FNDA:0,(anonymous_39)
FNDA:0,(anonymous_40)
FNDA:0,(anonymous_41)
FNDA:0,(anonymous_42)
FNDA:0,(anonymous_43)
FNDA:0,(anonymous_44)
FNDA:0,(anonymous_45)
FNDA:0,(anonymous_46)
FNDA:0,(anonymous_47)
FNDA:0,(anonymous_48)
FNDA:0,(anonymous_49)
FNDA:0,(anonymous_50)
FNDA:0,(anonymous_51)
FNDA:0,TelaFinalizado
DA:8,0
DA:9,0
DA:10,0
DA:11,0
DA:12,0
DA:13,0
DA:14,0
DA:17,0
DA:18,0
DA:19,0
DA:20,0
DA:21,0
DA:22,0
DA:24,0
DA:25,0
DA:27,0
DA:31,0
DA:35,0
DA:36,0
DA:37,0
DA:41,0
DA:42,0
DA:43,0
DA:44,0
DA:45,0
DA:47,0
DA:51,0
DA:56,0
DA:57,0
DA:58,0
DA:59,0
DA:61,0
DA:63,0
DA:64,0
DA:65,0
DA:68,0
DA:69,0
DA:71,0
DA:72,0
DA:74,0
DA:79,0
DA:80,0
DA:82,0
DA:83,0
DA:84,0
DA:89,0
DA:94,0
DA:95,0
DA:99,0
DA:100,0
DA:101,0
DA:103,0
DA:104,0
DA:112,0
DA:113,0
DA:117,0
DA:118,0
DA:119,0
DA:120,0
DA:123,0
DA:124,0
DA:125,0
DA:127,0
DA:132,0
DA:134,0
DA:135,0
DA:136,0
DA:139,0
DA:140,0
DA:141,0
DA:143,0
DA:144,0
DA:146,0
DA:151,0
DA:152,0
DA:154,0
DA:158,0
DA:159,0
DA:160,0
DA:161,0
DA:163,0
DA:165,0
DA:166,0
DA:167,0
DA:170,0
DA:171,0
DA:173,0
DA:174,0
DA:176,0
DA:181,0
DA:182,0
DA:183,0
DA:184,0
DA:185,0
DA:190,0
DA:191,0
DA:192,0
DA:195,0
DA:197,0
DA:198,0
DA:200,0
DA:205,0
DA:206,0
DA:207,0
DA:208,0
DA:209,0
DA:210,0
DA:214,0
DA:215,0
DA:217,0
DA:220,0
DA:236,0
DA:247,0
DA:257,0
DA:260,0
DA:264,0
DA:290,0
DA:291,0
DA:292,0
DA:293,0
DA:296,0
DA:297,0
DA:298,0
DA:299,0
DA:300,0
DA:302,0
DA:304,0
DA:306,0
DA:309,0
DA:312,0
DA:313,0
DA:314,0
DA:315,0
DA:319,0
DA:320,0
DA:323,0
DA:337,0
DA:358,0
DA:361,0
DA:394,0
DA:409,0
DA:416,0
DA:438,0
DA:466,0
DA:475,0
DA:482,0
DA:516,0
DA:518,0
DA:538,0
DA:577,0
DA:578,0
DA:579,0
DA:580,0
DA:583,0
DA:584,0
DA:585,0
DA:586,0
DA:588,0
DA:590,0
DA:591,0
DA:592,0
DA:593,0
DA:594,0
DA:595,0
DA:596,0
DA:597,0
DA:598,0
DA:599,0
DA:601,0
DA:602,0
DA:603,0
DA:607,0
DA:608,0
DA:609,0
DA:610,0
DA:611,0
DA:614,0
DA:615,0
DA:617,0
DA:618,0
DA:619,0
DA:622,0
DA:624,0
DA:627,0
DA:628,0
DA:631,0
DA:651,0
DA:671,0
DA:681,0
DA:691,0
DA:701,0
DA:726,0
DA:772,0
DA:773,0
DA:789,0
DA:805,0
DA:806,0
DA:807,0
DA:809,0
DA:826,0
DA:885,0
LF:201
LH:0
BRDA:22,0,0,0
BRDA:22,0,1,0
BRDA:36,1,0,0
BRDA:36,1,1,0
BRDA:44,2,0,0
BRDA:44,2,1,0
BRDA:63,3,0,0
BRDA:63,3,1,0
BRDA:82,4,0,0
BRDA:82,4,1,0
BRDA:84,5,0,0
BRDA:84,5,1,0
BRDA:100,6,0,0
BRDA:100,6,1,0
BRDA:104,7,0,0
BRDA:104,7,1,0
BRDA:118,8,0,0
BRDA:118,8,1,0
BRDA:134,9,0,0
BRDA:134,9,1,0
BRDA:165,10,0,0
BRDA:165,10,1,0
BRDA:190,11,0,0
BRDA:190,11,1,0
BRDA:215,12,0,0
BRDA:215,12,1,0
BRDA:215,12,2,0
BRDA:215,12,3,0
BRDA:215,12,4,0
BRDA:215,12,5,0
BRDA:302,13,0,0
BRDA:302,13,1,0
BRDA:314,14,0,0
BRDA:314,14,1,0
BRDA:314,15,0,0
BRDA:314,15,1,0
BRDA:326,16,0,0
BRDA:326,16,1,0
BRDA:345,17,0,0
BRDA:345,17,1,0
BRDA:350,18,0,0
BRDA:350,18,1,0
BRDA:359,19,0,0
BRDA:359,19,1,0
BRDA:364,20,0,0
BRDA:364,20,1,0
BRDA:364,21,0,0
BRDA:364,21,1,0
BRDA:369,22,0,0
BRDA:369,22,1,0
BRDA:374,23,0,0
BRDA:374,23,1,0
BRDA:382,24,0,0
BRDA:382,24,1,0
BRDA:382,24,2,0
BRDA:385,25,0,0
BRDA:385,25,1,0
BRDA:398,26,0,0
BRDA:398,26,1,0
BRDA:430,27,0,0
BRDA:430,27,1,0
BRDA:430,27,2,0
BRDA:430,27,3,0
BRDA:453,28,0,0
BRDA:453,28,1,0
BRDA:500,29,0,0
BRDA:500,29,1,0
BRDA:503,30,0,0
BRDA:503,30,1,0
BRDA:516,31,0,0
BRDA:516,31,1,0
BRDA:522,32,0,0
BRDA:522,32,1,0
BRDA:588,33,0,0
BRDA:588,33,1,0
BRDA:592,34,0,0
BRDA:592,34,1,0
BRDA:596,35,0,0
BRDA:596,35,1,0
BRDA:596,36,0,0
BRDA:596,36,1,0
BRDA:608,37,0,0
BRDA:608,37,1,0
BRDA:608,38,0,0
BRDA:608,38,1,0
BRDA:615,39,0,0
BRDA:615,39,1,0
BRDA:618,40,0,0
BRDA:618,40,1,0
BRDA:618,41,0,0
BRDA:618,41,1,0
BRDA:622,42,0,0
BRDA:622,42,1,0
BRDA:622,43,0,0
BRDA:622,43,1,0
BRDA:622,43,2,0
BRDA:622,43,3,0
BRDA:622,43,4,0
BRDA:622,43,5,0
BRDA:627,44,0,0
BRDA:627,44,1,0
BRDA:635,45,0,0
BRDA:635,45,1,0
BRDA:673,46,0,0
BRDA:673,46,1,0
BRDA:683,47,0,0
BRDA:683,47,1,0
BRDA:693,48,0,0
BRDA:693,48,1,0
BRDA:703,49,0,0
BRDA:703,49,1,0
BRDA:712,50,0,0
BRDA:712,50,1,0
BRDA:732,51,0,0
BRDA:732,51,1,0
BRDA:740,52,0,0
BRDA:740,52,1,0
BRDA:744,53,0,0
BRDA:744,53,1,0
BRDA:746,54,0,0
BRDA:746,54,1,0
BRDA:756,55,0,0
BRDA:756,55,1,0
BRDA:806,56,0,0
BRDA:806,56,1,0
BRDA:848,57,0,0
BRDA:848,57,1,0
BRDA:848,57,2,0
BRDA:848,57,3,0
BRDA:848,57,4,0
BRDA:848,57,5,0
BRDA:848,57,6,0
BRDA:848,57,7,0
BRDA:848,57,8,0
BRDA:848,57,9,0
BRDA:855,58,0,0
BRDA:855,58,1,0
BRDA:855,59,0,0
BRDA:855,59,1,0
BRDA:855,59,2,0
BRDA:855,59,3,0
BRDA:855,59,4,0
BRDA:855,59,5,0
BRDA:855,59,6,0
BRDA:855,59,7,0
BRDA:862,60,0,0
BRDA:862,60,1,0
BRDA:865,61,0,0
BRDA:865,61,1,0
BRDA:865,61,2,0
BRDA:865,61,3,0
BRDA:871,62,0,0
BRDA:871,62,1,0
BRDA:871,62,2,0
BRDA:871,62,3,0
BRDA:871,62,4,0
BRDA:871,62,5,0
BRDA:871,62,6,0
BRF:158
BRH:0
end_of_record
TN:
SF:src/dataService.js
FN:5,fetchJson
FN:20,(anonymous_1)
FN:27,(anonymous_2)
FN:30,(anonymous_3)
FN:33,(anonymous_4)
FN:42,(anonymous_5)
FN:45,(anonymous_6)
FN:48,(anonymous_7)
FN:55,(anonymous_8)
FN:62,(anonymous_9)
FN:71,(anonymous_10)
FN:78,(anonymous_11)
FN:81,(anonymous_12)
FN:84,(anonymous_13)
FN:91,(anonymous_14)
FN:94,(anonymous_15)
FN:103,(anonymous_16)
FN:110,(anonymous_17)
FN:113,(anonymous_18)
FN:121,listarMesas
FN:125,criarMesa
FN:133,editarMesa
FN:141,deletarMesa
FNF:23
FNH:0
FNDA:0,fetchJson
FNDA:0,(anonymous_1)
FNDA:0,(anonymous_2)
FNDA:0,(anonymous_3)
FNDA:0,(anonymous_4)
FNDA:0,(anonymous_5)
FNDA:0,(anonymous_6)
FNDA:0,(anonymous_7)
FNDA:0,(anonymous_8)
FNDA:0,(anonymous_9)
FNDA:0,(anonymous_10)
FNDA:0,(anonymous_11)
FNDA:0,(anonymous_12)
FNDA:0,(anonymous_13)
FNDA:0,(anonymous_14)
FNDA:0,(anonymous_15)
FNDA:0,(anonymous_16)
FNDA:0,(anonymous_17)
FNDA:0,(anonymous_18)
FNDA:0,listarMesas
FNDA:0,criarMesa
FNDA:0,editarMesa
FNDA:0,deletarMesa
DA:6,0
DA:7,0
DA:8,0
DA:9,0
DA:11,0
DA:14,0
DA:19,0
DA:21,0
DA:28,0
DA:31,0
DA:34,0
DA:41,0
DA:43,0
DA:46,0
DA:49,0
DA:56,0
DA:63,0
DA:70,0
DA:72,0
DA:79,0
DA:82,0
DA:85,0
DA:92,0
DA:95,0
DA:102,0
DA:104,0
DA:111,0
DA:114,0
DA:122,0
DA:126,0
DA:134,0
DA:142,0
LF:32
LH:0
BRDA:5,0,0,0
BRDA:7,1,0,0
BRDA:7,1,1,0
BRDA:9,2,0,0
BRDA:9,2,1,0
BRF:5
BRH:0
end_of_record
TN:
SF:src/components/Header.jsx
FN:9,(anonymous_0)
FNF:1
FNH:0
FNDA:0,(anonymous_0)
DA:9,0
DA:10,0
LF:2
LH:0
BRF:0
BRH:0
end_of_record
TN:
SF:src/components/MenuItemForm.jsx
FN:5,MenuItemForm
FN:10,(anonymous_1)
FN:17,uploadToCloudinary
FN:28,(anonymous_3)
FN:52,(anonymous_4)
FN:61,(anonymous_5)
FN:72,(anonymous_6)
FN:85,(anonymous_7)
FN:87,(anonymous_8)
FN:110,(anonymous_9)
FNF:10
FNH:1
FNDA:2,MenuItemForm
FNDA:0,(anonymous_1)
FNDA:0,uploadToCloudinary
FNDA:0,(anonymous_3)
FNDA:0,(anonymous_4)
FNDA:0,(anonymous_5)
FNDA:0,(anonymous_6)
FNDA:0,(anonymous_7)
FNDA:0,(anonymous_8)
FNDA:0,(anonymous_9)
DA:6,2
DA:7,2
DA:8,2
DA:10,2
DA:11,0
DA:12,0
DA:13,0
DA:14,0
DA:18,0
DA:19,0
DA:20,0
DA:21,0
DA:22,0
DA:23,0
DA:24,0
DA:25,0
DA:28,2
DA:29,0
DA:30,0
DA:31,0
DA:32,0
DA:33,0
DA:35,0
DA:38,2
DA:39,0
DA:52,0
DA:61,0
DA:74,0
DA:75,0
DA:76,0
DA:85,0
DA:88,0
DA:110,0
LF:33
LH:6
BRDA:7,0,0,2
BRDA:7,0,1,2
BRDA:13,1,0,0
BRDA:13,1,1,0
BRDA:30,2,0,0
BRDA:30,2,1,0
BRDA:38,3,0,2
BRDA:38,3,1,0
BRDA:43,4,0,0
BRDA:43,4,1,0
BRDA:71,5,0,0
BRDA:71,5,1,0
BRDA:71,6,0,0
BRDA:71,6,1,0
BRDA:76,7,0,0
BRDA:76,7,1,0
BRDA:101,8,0,0
BRDA:101,8,1,0
BRDA:118,9,0,0
BRDA:118,9,1,0
BRF:20
BRH:3
end_of_record
TN:
SF:src/components/PaymentManagement.jsx
FN:19,(anonymous_0)
FN:23,(anonymous_1)
FN:54,(anonymous_2)
FN:56,(anonymous_3)
FN:71,(anonymous_4)
FN:92,(anonymous_5)
FN:122,(anonymous_6)
FN:133,(anonymous_7)
FN:144,(anonymous_8)
FN:157,(anonymous_9)
FN:180,(anonymous_10)
FNF:11
FNH:0
FNDA:0,(anonymous_0)
FNDA:0,(anonymous_1)
FNDA:0,(anonymous_2)
FNDA:0,(anonymous_3)
FNDA:0,(anonymous_4)
FNDA:0,(anonymous_5)
FNDA:0,(anonymous_6)
FNDA:0,(anonymous_7)
FNDA:0,(anonymous_8)
FNDA:0,(anonymous_9)
FNDA:0,(anonymous_10)
DA:19,0
DA:20,0
DA:21,0
DA:23,0
DA:25,0
DA:52,0
DA:54,0
DA:56,0
DA:57,0
DA:59,0
DA:61,0
DA:63,0
DA:65,0
DA:67,0
DA:71,0
DA:72,0
DA:74,0
DA:77,0
DA:79,0
DA:81,0
DA:85,0
DA:92,0
DA:122,0
DA:133,0
DA:144,0
DA:158,0
DA:181,0
LF:27
LH:0
BRDA:52,0,0,0
BRDA:52,0,1,0
BRDA:57,1,0,0
BRDA:57,1,1,0
BRDA:57,1,2,0
BRDA:57,1,3,0
BRDA:57,1,4,0
BRDA:72,2,0,0
BRDA:72,2,1,0
BRDA:72,2,2,0
BRDA:72,2,3,0
BRDA:72,2,4,0
BRDA:176,3,0,0
BRDA:176,3,1,0
BRDA:192,4,0,0
BRDA:192,4,1,0
BRF:16
BRH:0
end_of_record
TN:
SF:src/components/Sidebar.jsx
FN:58,(anonymous_0)
FN:71,(anonymous_1)
FN:75,(anonymous_2)
FNF:3
FNH:3
FNDA:1,(anonymous_0)
FNDA:7,(anonymous_1)
FNDA:7,(anonymous_2)
DA:16,1
DA:58,1
DA:59,1
DA:72,7
DA:76,7
LF:5
LH:5
BRDA:78,0,0,1
BRDA:78,0,1,6
BRF:2
BRH:2
end_of_record
TN:
SF:src/components/Layout/Layout.jsx
FN:7,(anonymous_0)
FN:24,(anonymous_1)
FN:30,(anonymous_2)
FNF:3
FNH:0
FNDA:0,(anonymous_0)
FNDA:0,(anonymous_1)
FNDA:0,(anonymous_2)
DA:7,0
DA:8,0
DA:10,0
DA:24,0
DA:30,0
LF:5
LH:0
BRDA:15,0,0,0
BRDA:15,0,1,0
BRDA:21,1,0,0
BRDA:21,1,1,0
BRF:4
BRH:0
end_of_record
TN:
SF:src/components/ui/Notification.jsx
FN:8,Notification
FNF:1
FNH:1
FNDA:2,Notification
DA:9,2
DA:10,2
LF:2
LH:2
BRDA:8,0,0,0
BRDA:9,1,0,1
BRDA:9,1,1,1
BRDA:9,2,0,1
BRDA:9,2,1,0
BRF:5
BRH:3
end_of_record
TN:
SF:src/components/ui/badge.jsx
FN:9,(anonymous_0)
FNF:1
FNH:1
FNDA:7,(anonymous_0)
DA:9,4
DA:10,7
DA:17,7
DA:29,4
LF:4
LH:4
BRDA:9,0,0,6
BRF:1
BRH:1
end_of_record
TN:
SF:src/components/ui/button.jsx
FN:11,(anonymous_0)
FNF:1
FNH:1
FNDA:22,(anonymous_0)
DA:11,5
DA:18,22
DA:20,22
DA:29,22
DA:36,22
DA:52,5
LF:6
LH:6
BRDA:13,0,0,8
BRDA:14,1,0,6
BRF:2
BRH:2
end_of_record
TN:
SF:src/components/ui/card.jsx
FN:8,(anonymous_0)
FN:20,(anonymous_1)
FN:29,(anonymous_2)
FN:41,(anonymous_3)
FN:50,(anonymous_4)
FN:55,(anonymous_5)
FNF:6
FNH:4
FNDA:42,(anonymous_0)
FNDA:39,(anonymous_1)
FNDA:39,(anonymous_2)
FNDA:0,(anonymous_3)
FNDA:42,(anonymous_4)
FNDA:0,(anonymous_5)
DA:8,3
DA:9,42
DA:18,3
DA:20,3
DA:21,39
DA:27,3
DA:29,3
DA:30,39
DA:39,3
DA:41,3
DA:42,0
DA:48,3
DA:50,3
DA:51,42
DA:53,3
DA:55,3
DA:56,0
DA:62,3
LF:18
LH:16
BRF:0
BRH:0
end_of_record
TN:
SF:src/components/ui/input.jsx
FN:9,(anonymous_0)
FNF:1
FNH:0
FNDA:0,(anonymous_0)
DA:9,0
DA:10,0
DA:22,0
LF:3
LH:0
BRF:0
BRH:0
end_of_record
TN:
SF:src/components/ui/label.jsx
FN:8,(anonymous_0)
FNF:1
FNH:0
FNDA:0,(anonymous_0)
DA:8,0
DA:9,0
DA:18,0
LF:3
LH:0
BRF:0
BRH:0
end_of_record
TN:
SF:src/components/ui/textarea.jsx
FN:8,(anonymous_0)
FNF:1
FNH:0
FNDA:0,(anonymous_0)
DA:8,0
DA:9,0
DA:20,0
LF:3
LH:0
BRF:0
BRH:0
end_of_record
TN:
SF:src/config/api.js
FN:39,(anonymous_0)
FN:41,(anonymous_1)
FN:55,(anonymous_2)
FN:84,(anonymous_3)
FN:88,(anonymous_4)
FN:92,(anonymous_5)
FN:95,(anonymous_6)
FN:101,(anonymous_7)
FN:107,(anonymous_8)
FN:113,(anonymous_9)
FN:116,(anonymous_10)
FN:122,(anonymous_11)
FN:128,(anonymous_12)
FN:134,(anonymous_13)
FN:140,(anonymous_14)
FN:146,(anonymous_15)
FN:152,(anonymous_16)
FN:158,(anonymous_17)
FN:162,(anonymous_18)
FN:165,(anonymous_19)
FN:171,(anonymous_20)
FN:178,(anonymous_21)
FNF:22
FNH:0
FNDA:0,(anonymous_0)
FNDA:0,(anonymous_1)
FNDA:0,(anonymous_2)
FNDA:0,(anonymous_3)
FNDA:0,(anonymous_4)
FNDA:0,(anonymous_5)
FNDA:0,(anonymous_6)
FNDA:0,(anonymous_7)
FNDA:0,(anonymous_8)
FNDA:0,(anonymous_9)
FNDA:0,(anonymous_10)
FNDA:0,(anonymous_11)
FNDA:0,(anonymous_12)
FNDA:0,(anonymous_13)
FNDA:0,(anonymous_14)
FNDA:0,(anonymous_15)
FNDA:0,(anonymous_16)
FNDA:0,(anonymous_17)
FNDA:0,(anonymous_18)
FNDA:0,(anonymous_19)
FNDA:0,(anonymous_20)
FNDA:0,(anonymous_21)
DA:3,0
DA:28,0
DA:39,0
DA:40,0
DA:41,0
DA:42,0
DA:43,0
DA:46,0
DA:55,0
DA:56,0
DA:58,0
DA:63,0
DA:64,0
DA:66,0
DA:67,0
DA:70,0
DA:71,0
DA:73,0
DA:74,0
DA:82,0
DA:85,0
DA:89,0
DA:93,0
DA:96,0
DA:102,0
DA:108,0
DA:114,0
DA:117,0
DA:123,0
DA:129,0
DA:135,0
DA:136,0
DA:137,0
DA:141,0
DA:147,0
DA:153,0
DA:159,0
DA:163,0
DA:166,0
DA:172,0
DA:179,0
LF:41
LH:0
BRDA:39,0,0,0
BRDA:42,1,0,0
BRDA:42,1,1,0
BRDA:42,2,0,0
BRDA:42,2,1,0
BRDA:55,3,0,0
BRDA:56,4,0,0
BRDA:56,4,1,0
BRDA:66,5,0,0
BRDA:66,5,1,0
BRDA:92,6,0,0
BRDA:113,7,0,0
BRDA:134,8,0,0
BRDA:134,9,0,0
BRDA:136,10,0,0
BRDA:136,10,1,0
BRDA:158,11,0,0
BRDA:162,12,0,0
BRF:18
BRH:0
end_of_record
TN:
SF:src/data/mockData.js
FN:2,(anonymous_0)
FNF:1
FNH:0
FNDA:0,(anonymous_0)
DA:2,0
DA:3,0
DA:9,0
DA:21,0
DA:33,0
DA:42,0
DA:49,0
DA:56,0
DA:95,0
LF:9
LH:0
BRF:0
BRH:0
end_of_record
TN:
SF:src/lib/menuService.js
FN:5,getMenuItems
FN:12,createMenuItem
FN:28,updateMenuItem
FN:44,deleteMenuItem
FNF:4
FNH:1
FNDA:1,getMenuItems
FNDA:0,createMenuItem
FNDA:0,updateMenuItem
FNDA:0,deleteMenuItem
DA:3,1
DA:6,1
DA:7,0
DA:8,0
DA:9,0
DA:13,0
DA:18,0
DA:23,0
DA:24,0
DA:25,0
DA:29,0
DA:34,0
DA:39,0
DA:40,0
DA:41,0
DA:45,0
DA:48,0
DA:49,0
LF:18
LH:2
BRDA:7,0,0,0
BRDA:7,0,1,0
BRDA:23,1,0,0
BRDA:23,1,1,0
BRDA:39,2,0,0
BRDA:39,2,1,0
BRDA:48,3,0,0
BRDA:48,3,1,0
BRF:8
BRH:0
end_of_record
TN:
SF:src/lib/socket.js
FNF:0
FNH:0
DA:6,0
LF:1
LH:0
BRF:0
BRH:0
end_of_record
TN:
SF:src/lib/useApi.js
FN:9,useApi
FN:14,(anonymous_1)
FN:27,(anonymous_2)
FNF:3
FNH:3
FNDA:6,useApi
FNDA:2,(anonymous_1)
FNDA:2,(anonymous_2)
DA:10,6
DA:11,6
DA:12,6
DA:14,6
DA:15,2
DA:16,2
DA:17,2
DA:18,2
DA:19,1
DA:21,1
DA:23,2
DA:27,6
DA:28,2
DA:31,6
LF:14
LH:14
BRDA:9,0,0,0
BRF:1
BRH:0
end_of_record
TN:
SF:src/lib/useLoading.js
FN:7,useLoading
FN:9,(anonymous_1)
FN:10,(anonymous_2)
FNF:3
FNH:3
FNDA:3,useLoading
FNDA:1,(anonymous_1)
FNDA:1,(anonymous_2)
DA:8,3
DA:9,3
DA:10,3
DA:11,3
LF:4
LH:4
BRF:0
BRH:0
end_of_record
TN:
SF:src/lib/useMenuItems.js
FN:4,mapItemFromApi
FN:15,useMenuItems
FN:20,(anonymous_2)
FN:33,(anonymous_3)
FN:37,(anonymous_4)
FN:42,(anonymous_5)
FN:52,(anonymous_6)
FN:57,(anonymous_7)
FN:57,(anonymous_8)
FN:67,(anonymous_9)
FN:72,(anonymous_10)
FN:72,(anonymous_11)
FNF:12
FNH:3
FNDA:0,mapItemFromApi
FNDA:2,useMenuItems
FNDA:1,(anonymous_2)
FNDA:1,(anonymous_3)
FNDA:0,(anonymous_4)
FNDA:0,(anonymous_5)
FNDA:0,(anonymous_6)
FNDA:0,(anonymous_7)
FNDA:0,(anonymous_8)
FNDA:0,(anonymous_9)
FNDA:0,(anonymous_10)
FNDA:0,(anonymous_11)
DA:5,0
DA:16,2
DA:17,2
DA:18,2
DA:20,2
DA:21,1
DA:22,1
DA:23,1
DA:24,1
DA:25,0
DA:27,1
DA:29,1
DA:33,2
DA:34,1
DA:37,2
DA:38,0
DA:39,0
DA:40,0
DA:41,0
DA:42,0
DA:43,0
DA:45,0
DA:46,0
DA:48,0
DA:52,2
DA:53,0
DA:54,0
DA:55,0
DA:56,0
DA:57,0
DA:58,0
DA:60,0
DA:61,0
DA:63,0
DA:67,2
DA:68,0
DA:69,0
DA:70,0
DA:71,0
DA:72,0
DA:74,0
DA:75,0
DA:77,0
DA:81,2
LF:44
LH:16
BRDA:6,0,0,0
BRDA:6,0,1,0
BRDA:57,1,0,0
BRDA:57,1,1,0
BRF:4
BRH:0
end_of_record
TN:
SF:src/lib/useSocket.js
FN:9,useSocket
FN:10,(anonymous_1)
FN:12,(anonymous_2)
FNF:3
FNH:3
FNDA:1,useSocket
FNDA:1,(anonymous_1)
FNDA:1,(anonymous_2)
DA:10,1
DA:11,1
DA:12,1
DA:13,1
LF:4
LH:4
BRF:0
BRH:0
end_of_record
TN:
SF:src/lib/utils.js
FN:8,cn
FNF:1
FNH:1
FNDA:198,cn
DA:9,198
LF:1
LH:1
BRF:0
BRH:0
end_of_record
TN:
SF:src/pages/Dashboard.jsx
FN:17,(anonymous_0)
FN:27,(anonymous_1)
FN:93,(anonymous_2)
FNF:3
FNH:0
FNDA:0,(anonymous_0)
FNDA:0,(anonymous_1)
FNDA:0,(anonymous_2)
DA:17,0
DA:18,0
DA:27,0
DA:29,0
DA:39,0
DA:84,0
DA:94,0
LF:7
LH:0
BRF:0
BRH:0
end_of_record
TN:
SF:src/pages/Menu.jsx
FN:20,(anonymous_0)
FN:26,(anonymous_1)
FN:33,(anonymous_2)
FN:35,(anonymous_3)
FN:46,(anonymous_4)
FN:50,(anonymous_5)
FN:96,(anonymous_6)
FN:107,(anonymous_7)
FN:123,(anonymous_8)
FN:127,(anonymous_9)
FN:132,(anonymous_10)
FN:148,(anonymous_11)
FN:155,(anonymous_12)
FN:167,(anonymous_13)
FN:174,(anonymous_14)
FN:197,(anonymous_15)
FN:212,(anonymous_16)
FNF:17
FNH:3
FNDA:3,(anonymous_0)
FNDA:1,(anonymous_1)
FNDA:0,(anonymous_2)
FNDA:0,(anonymous_3)
FNDA:0,(anonymous_4)
FNDA:0,(anonymous_5)
FNDA:0,(anonymous_6)
FNDA:0,(anonymous_7)
FNDA:0,(anonymous_8)
FNDA:1,(anonymous_9)
FNDA:0,(anonymous_10)
FNDA:0,(anonymous_11)
FNDA:0,(anonymous_12)
FNDA:0,(anonymous_13)
FNDA:0,(anonymous_14)
FNDA:0,(anonymous_15)
FNDA:0,(anonymous_16)
DA:20,1
DA:21,3
DA:22,2
DA:23,2
DA:24,2
DA:26,2
DA:28,1
DA:31,2
DA:33,0
DA:35,2
DA:36,0
DA:46,2
DA:47,0
DA:50,2
DA:51,0
DA:52,0
DA:54,0
DA:56,0
DA:59,2
DA:96,0
DA:107,0
DA:123,0
DA:128,1
DA:132,0
DA:149,0
DA:156,0
DA:167,0
DA:174,0
DA:197,0
DA:212,0
LF:30
LH:13
BRDA:31,0,0,2
BRDA:31,0,1,0
BRDA:41,1,0,0
BRDA:41,1,1,0
BRDA:51,2,0,0
BRDA:51,2,1,0
BRDA:121,3,0,2
BRDA:121,3,1,0
BRDA:130,4,0,0
BRDA:130,4,1,1
BRDA:149,5,0,0
BRDA:149,5,1,0
BRDA:191,6,0,0
BRDA:191,6,1,0
BRDA:193,7,0,0
BRDA:193,7,1,0
BRF:16
BRH:3
end_of_record
TN:
SF:src/pages/Orders.jsx
FN:18,(anonymous_0)
FN:23,(anonymous_1)
FN:29,(anonymous_2)
FN:31,(anonymous_3)
FN:32,(anonymous_4)
FN:39,(anonymous_5)
FN:46,(anonymous_6)
FN:53,(anonymous_7)
FN:63,(anonymous_8)
FN:72,(anonymous_9)
FN:81,(anonymous_10)
FN:90,(anonymous_11)
FN:99,(anonymous_12)
FN:117,(anonymous_13)
FN:152,(anonymous_14)
FN:163,(anonymous_15)
FN:174,(anonymous_16)
FN:187,(anonymous_17)
FN:202,(anonymous_18)
FN:209,(anonymous_19)
FN:245,(anonymous_20)
FN:272,(anonymous_21)
FNF:22
FNH:10
FNDA:3,(anonymous_0)
FNDA:1,(anonymous_1)
FNDA:2,(anonymous_2)
FNDA:0,(anonymous_3)
FNDA:0,(anonymous_4)
FNDA:3,(anonymous_5)
FNDA:0,(anonymous_6)
FNDA:0,(anonymous_7)
FNDA:0,(anonymous_8)
FNDA:0,(anonymous_9)
FNDA:0,(anonymous_10)
FNDA:0,(anonymous_11)
FNDA:0,(anonymous_12)
FNDA:1,(anonymous_13)
FNDA:4,(anonymous_14)
FNDA:4,(anonymous_15)
FNDA:4,(anonymous_16)
FNDA:3,(anonymous_17)
FNDA:3,(anonymous_18)
FNDA:0,(anonymous_19)
FNDA:0,(anonymous_20)
FNDA:0,(anonymous_21)
DA:18,1
DA:19,3
DA:20,3
DA:21,3
DA:23,3
DA:24,1
DA:27,3
DA:29,2
DA:31,3
DA:32,0
DA:33,0
DA:39,3
DA:40,3
DA:42,1
DA:46,0
DA:53,0
DA:60,0
DA:63,0
DA:69,0
DA:72,0
DA:78,2
DA:81,0
DA:87,0
DA:90,0
DA:96,0
DA:99,0
DA:105,0
DA:109,3
DA:117,1
DA:152,4
DA:163,4
DA:174,4
DA:188,3
DA:202,3
DA:209,0
DA:246,0
DA:272,0
LF:37
LH:20
BRDA:27,0,0,2
BRDA:27,0,1,1
BRDA:33,1,0,0
BRDA:33,1,1,0
BRDA:40,2,0,1
BRDA:40,2,1,0
BRDA:40,2,2,0
BRDA:40,2,3,2
BRDA:40,2,4,0
BRDA:40,2,5,0
BRDA:40,2,6,0
BRDA:225,3,0,3
BRDA:225,3,1,0
BRF:13
BRH:5
end_of_record
TN:
SF:src/pages/Tables.jsx
FN:18,(anonymous_0)
FN:22,(anonymous_1)
FN:26,(anonymous_2)
FN:41,(anonymous_3)
FN:52,(anonymous_4)
FN:53,(anonymous_5)
FN:84,(anonymous_6)
FN:95,(anonymous_7)
FN:106,(anonymous_8)
FN:119,(anonymous_9)
FN:128,(anonymous_10)
FN:135,(anonymous_11)
FN:182,(anonymous_12)
FN:193,(anonymous_13)
FN:207,(anonymous_14)
FN:208,(anonymous_15)
FN:219,(anonymous_16)
FNF:17
FNH:7
FNDA:2,(anonymous_0)
FNDA:1,(anonymous_1)
FNDA:2,(anonymous_2)
FNDA:0,(anonymous_3)
FNDA:0,(anonymous_4)
FNDA:0,(anonymous_5)
FNDA:2,(anonymous_6)
FNDA:2,(anonymous_7)
FNDA:2,(anonymous_8)
FNDA:2,(anonymous_9)
FNDA:0,(anonymous_10)
FNDA:0,(anonymous_11)
FNDA:0,(anonymous_12)
FNDA:0,(anonymous_13)
FNDA:0,(anonymous_14)
FNDA:0,(anonymous_15)
FNDA:0,(anonymous_16)
DA:18,1
DA:19,2
DA:20,2
DA:22,2
DA:23,1
DA:26,2
DA:27,2
DA:29,1
DA:31,1
DA:33,0
DA:35,0
DA:37,0
DA:41,2
DA:42,0
DA:49,0
DA:52,2
DA:53,0
DA:56,2
DA:84,2
DA:95,2
DA:106,2
DA:120,2
DA:128,0
DA:135,0
DA:182,0
DA:193,0
DA:208,0
DA:209,0
DA:211,0
DA:219,0
LF:30
LH:16
BRDA:27,0,0,1
BRDA:27,0,1,1
BRDA:27,0,2,0
BRDA:27,0,3,0
BRDA:27,0,4,0
BRDA:169,1,0,2
BRDA:169,1,1,0
BRDA:209,2,0,0
BRDA:209,2,1,0
BRF:9
BRH:3
end_of_record
TN:
SF:src/pages/backoffice/BackofficeLayout.jsx
FN:17,(anonymous_0)
FN:27,(anonymous_1)
FN:30,(anonymous_2)
FN:35,(anonymous_3)
FN:43,(anonymous_4)
FN:47,(anonymous_5)
FNF:6
FNH:0
FNDA:0,(anonymous_0)
FNDA:0,(anonymous_1)
FNDA:0,(anonymous_2)
FNDA:0,(anonymous_3)
FNDA:0,(anonymous_4)
FNDA:0,(anonymous_5)
DA:4,0
DA:17,0
DA:18,0
DA:19,0
DA:21,0
DA:27,0
DA:31,0
DA:35,0
DA:43,0
DA:47,0
LF:10
LH:0
BRDA:24,0,0,0
BRDA:24,0,1,0
BRDA:34,1,0,0
BRDA:34,1,1,0
BRDA:43,2,0,0
BRDA:43,2,1,0
BRF:6
BRH:0
end_of_record
TN:
SF:src/pages/backoffice/BackofficeRouter.jsx
FN:16,(anonymous_0)
FNF:1
FNH:0
FNDA:0,(anonymous_0)
DA:16,0
DA:17,0
LF:2
LH:0
BRF:0
BRH:0
end_of_record
TN:
SF:src/pages/backoffice/Dashboard.jsx
FN:6,(anonymous_0)
FNF:1
FNH:0
FNDA:0,(anonymous_0)
DA:6,0
DA:7,0
LF:2
LH:0
BRF:0
BRH:0
end_of_record
TN:
SF:src/pages/backoffice/Login.jsx
FN:6,(anonymous_0)
FNF:1
FNH:0
FNDA:0,(anonymous_0)
DA:6,0
DA:7,0
LF:2
LH:0
BRF:0
BRH:0
end_of_record
TN:
SF:src/pages/backoffice/Orders.jsx
FN:21,(anonymous_0)
FN:31,(anonymous_1)
FN:39,getComandaStatus
FN:48,(anonymous_3)
FN:55,(anonymous_4)
FN:57,(anonymous_5)
FN:58,(anonymous_6)
FN:59,(anonymous_7)
FN:73,(anonymous_8)
FN:74,(anonymous_9)
FN:74,(anonymous_10)
FN:78,(anonymous_11)
FN:79,(anonymous_12)
FN:79,(anonymous_13)
FN:88,(anonymous_14)
FN:95,(anonymous_15)
FN:97,(anonymous_16)
FN:98,(anonymous_17)
FN:102,(anonymous_18)
FN:104,(anonymous_19)
FN:104,(anonymous_20)
FN:105,(anonymous_21)
FN:106,(anonymous_22)
FN:107,(anonymous_23)
FN:111,(anonymous_24)
FN:112,(anonymous_25)
FN:130,(anonymous_26)
FN:133,(anonymous_27)
FN:143,(anonymous_28)
FN:150,(anonymous_29)
FN:162,(anonymous_30)
FN:165,(anonymous_31)
FN:177,(anonymous_32)
FNF:33
FNH:0
FNDA:0,(anonymous_0)
FNDA:0,(anonymous_1)
FNDA:0,getComandaStatus
FNDA:0,(anonymous_3)
FNDA:0,(anonymous_4)
FNDA:0,(anonymous_5)
FNDA:0,(anonymous_6)
FNDA:0,(anonymous_7)
FNDA:0,(anonymous_8)
FNDA:0,(anonymous_9)
FNDA:0,(anonymous_10)
FNDA:0,(anonymous_11)
FNDA:0,(anonymous_12)
FNDA:0,(anonymous_13)
FNDA:0,(anonymous_14)
FNDA:0,(anonymous_15)
FNDA:0,(anonymous_16)
FNDA:0,(anonymous_17)
FNDA:0,(anonymous_18)
FNDA:0,(anonymous_19)
FNDA:0,(anonymous_20)
FNDA:0,(anonymous_21)
FNDA:0,(anonymous_22)
FNDA:0,(anonymous_23)
FNDA:0,(anonymous_24)
FNDA:0,(anonymous_25)
FNDA:0,(anonymous_26)
FNDA:0,(anonymous_27)
FNDA:0,(anonymous_28)
FNDA:0,(anonymous_29)
FNDA:0,(anonymous_30)
FNDA:0,(anonymous_31)
FNDA:0,(anonymous_32)
DA:5,0
DA:7,0
DA:14,0
DA:21,0
DA:22,0
DA:23,0
DA:24,0
DA:25,0
DA:27,0
DA:31,0
DA:32,0
DA:40,0
DA:41,0
DA:42,0
DA:48,0
DA:49,0
DA:50,0
DA:51,0
DA:52,0
DA:53,0
DA:55,0
DA:56,0
DA:57,0
DA:58,0
DA:59,0
DA:60,0
DA:62,0
DA:63,0
DA:64,0
DA:67,0
DA:70,0
DA:71,0
DA:73,0
DA:74,0
DA:75,0
DA:76,0
DA:78,0
DA:79,0
DA:80,0
DA:82,0
DA:83,0
DA:85,0
DA:86,0
DA:87,0
DA:88,0
DA:89,0
DA:90,0
DA:91,0
DA:95,0
DA:96,0
DA:97,0
DA:98,0
DA:102,0
DA:104,0
DA:105,0
DA:106,0
DA:107,0
DA:111,0
DA:113,0
DA:114,0
DA:121,0
DA:130,0
DA:134,0
DA:143,0
DA:151,0
DA:163,0
DA:165,0
DA:178,0
LF:68
LH:0
BRDA:25,0,0,0
BRDA:25,0,1,0
BRDA:40,1,0,0
BRDA:40,1,1,0
BRDA:41,2,0,0
BRDA:41,2,1,0
BRDA:60,3,0,0
BRDA:60,3,1,0
BRDA:74,4,0,0
BRDA:74,4,1,0
BRDA:80,5,0,0
BRDA:80,5,1,0
BRDA:96,6,0,0
BRDA:96,6,1,0
BRDA:104,7,0,0
BRDA:104,7,1,0
BRDA:111,8,0,0
BRDA:111,8,1,0
BRDA:115,9,0,0
BRDA:115,9,1,0
BRDA:115,9,2,0
BRDA:115,9,3,0
BRDA:115,9,4,0
BRDA:148,10,0,0
BRDA:148,10,1,0
BRDA:156,11,0,0
BRDA:156,11,1,0
BRDA:157,12,0,0
BRDA:157,12,1,0
BRDA:166,13,0,0
BRDA:166,13,1,0
BRDA:166,14,0,0
BRDA:166,14,1,0
BRDA:167,15,0,0
BRDA:167,15,1,0
BRDA:173,16,0,0
BRDA:173,16,1,0
BRDA:173,16,2,0
BRDA:179,17,0,0
BRDA:179,17,1,0
BRF:40
BRH:0
end_of_record
TN:
SF:src/pages/backoffice/Payments.jsx
FN:10,(anonymous_0)
FN:14,(anonymous_1)
FN:15,(anonymous_2)
FN:16,(anonymous_3)
FN:21,(anonymous_4)
FN:26,(anonymous_5)
FN:28,(anonymous_6)
FN:29,(anonymous_7)
FN:39,(anonymous_8)
FNF:9
FNH:0
FNDA:0,(anonymous_0)
FNDA:0,(anonymous_1)
FNDA:0,(anonymous_2)
FNDA:0,(anonymous_3)
FNDA:0,(anonymous_4)
FNDA:0,(anonymous_5)
FNDA:0,(anonymous_6)
FNDA:0,(anonymous_7)
FNDA:0,(anonymous_8)
DA:5,0
DA:10,0
DA:11,0
DA:12,0
DA:14,0
DA:15,0
DA:16,0
DA:17,0
DA:18,0
DA:20,0
DA:21,0
DA:22,0
DA:26,0
DA:27,0
DA:28,0
DA:29,0
DA:33,0
DA:40,0
LF:18
LH:0
BRDA:27,0,0,0
BRDA:27,0,1,0
BRDA:37,1,0,0
BRDA:37,1,1,0
BRDA:40,2,0,0
BRDA:40,2,1,0
BRDA:46,3,0,0
BRDA:46,3,1,0
BRF:8
BRH:0
end_of_record
TN:
SF:src/pages/backoffice/Reports.jsx
FN:6,(anonymous_0)
FNF:1
FNH:0
FNDA:0,(anonymous_0)
DA:6,0
DA:7,0
LF:2
LH:0
BRF:0
BRH:0
end_of_record
TN:
SF:src/pages/backoffice/Settings.jsx
FN:6,(anonymous_0)
FNF:1
FNH:0
FNDA:0,(anonymous_0)
DA:6,0
DA:7,0
LF:2
LH:0
BRF:0
BRH:0
end_of_record
TN:
SF:src/pages/backoffice/Tables.jsx
FN:10,(anonymous_0)
FN:17,(anonymous_1)
FN:29,(anonymous_2)
FN:31,(anonymous_3)
FN:35,(anonymous_4)
FN:53,(anonymous_5)
FN:58,(anonymous_6)
FN:69,(anonymous_7)
FN:71,(anonymous_8)
FN:72,(anonymous_9)
FN:91,(anonymous_10)
FN:96,(anonymous_11)
FN:105,(anonymous_12)
FN:106,(anonymous_13)
FNF:14
FNH:0
FNDA:0,(anonymous_0)
FNDA:0,(anonymous_1)
FNDA:0,(anonymous_2)
FNDA:0,(anonymous_3)
FNDA:0,(anonymous_4)
FNDA:0,(anonymous_5)
FNDA:0,(anonymous_6)
FNDA:0,(anonymous_7)
FNDA:0,(anonymous_8)
FNDA:0,(anonymous_9)
FNDA:0,(anonymous_10)
FNDA:0,(anonymous_11)
FNDA:0,(anonymous_12)
FNDA:0,(anonymous_13)
DA:5,0
DA:10,0
DA:11,0
DA:12,0
DA:13,0
DA:14,0
DA:15,0
DA:17,0
DA:18,0
DA:19,0
DA:20,0
DA:21,0
DA:23,0
DA:25,0
DA:29,0
DA:31,0
DA:32,0
DA:35,0
DA:36,0
DA:37,0
DA:38,0
DA:39,0
DA:40,0
DA:42,0
DA:43,0
DA:45,0
DA:46,0
DA:47,0
DA:49,0
DA:53,0
DA:54,0
DA:55,0
DA:58,0
DA:59,0
DA:60,0
DA:61,0
DA:62,0
DA:63,0
DA:65,0
DA:69,0
DA:70,0
DA:71,0
DA:72,0
DA:76,0
DA:91,0
DA:97,0
DA:105,0
DA:106,0
LF:48
LH:0
BRDA:38,0,0,0
BRDA:38,0,1,0
BRDA:59,1,0,0
BRDA:59,1,1,0
BRDA:70,2,0,0
BRDA:70,2,1,0
BRDA:80,3,0,0
BRDA:80,3,1,0
BRDA:88,4,0,0
BRDA:88,4,1,0
BRDA:90,5,0,0
BRDA:90,5,1,0
BRDA:96,6,0,0
BRDA:96,6,1,0
BRF:14
BRH:0
end_of_record
